2019-05-05 10:33:37.869 [main] ERROR com.alibaba.dubbo.qos.server.Server -  [DUBBO] qos-server can not bind localhost:22222, dubbo version: 2.6.2, current host: 192.168.1.21
java.net.BindException: Address already in use: bind
	at sun.nio.ch.Net.bind0(Native Method)
	at sun.nio.ch.Net.bind(Unknown Source)
	at sun.nio.ch.Net.bind(Unknown Source)
	at sun.nio.ch.ServerSocketChannelImpl.bind(Unknown Source)
	at io.netty.channel.socket.nio.NioServerSocketChannel.doBind(NioServerSocketChannel.java:127)
	at io.netty.channel.AbstractChannel$AbstractUnsafe.bind(AbstractChannel.java:554)
	at io.netty.channel.DefaultChannelPipeline$HeadContext.bind(DefaultChannelPipeline.java:1258)
	at io.netty.channel.AbstractChannelHandlerContext.invokeBind(AbstractChannelHandlerContext.java:512)
	at io.netty.channel.AbstractChannelHandlerContext.bind(AbstractChannelHandlerContext.java:497)
	at io.netty.channel.DefaultChannelPipeline.bind(DefaultChannelPipeline.java:980)
	at io.netty.channel.AbstractChannel.bind(AbstractChannel.java:250)
	at io.netty.bootstrap.AbstractBootstrap$2.run(AbstractBootstrap.java:363)
	at io.netty.util.concurrent.AbstractEventExecutor.safeExecute(AbstractEventExecutor.java:163)
	at io.netty.util.concurrent.SingleThreadEventExecutor.runAllTasks(SingleThreadEventExecutor.java:418)
	at io.netty.channel.nio.NioEventLoop.run(NioEventLoop.java:454)
	at io.netty.util.concurrent.SingleThreadEventExecutor$5.run(SingleThreadEventExecutor.java:873)
	at io.netty.util.concurrent.DefaultThreadFactory$DefaultRunnableDecorator.run(DefaultThreadFactory.java:144)
	at java.lang.Thread.run(Unknown Source)
2019-05-05 10:35:17.851 [main] ERROR com.alibaba.dubbo.qos.server.Server -  [DUBBO] qos-server can not bind localhost:22222, dubbo version: 2.6.2, current host: 192.168.1.21
java.net.BindException: Address already in use: bind
	at sun.nio.ch.Net.bind0(Native Method)
	at sun.nio.ch.Net.bind(Unknown Source)
	at sun.nio.ch.Net.bind(Unknown Source)
	at sun.nio.ch.ServerSocketChannelImpl.bind(Unknown Source)
	at io.netty.channel.socket.nio.NioServerSocketChannel.doBind(NioServerSocketChannel.java:127)
	at io.netty.channel.AbstractChannel$AbstractUnsafe.bind(AbstractChannel.java:554)
	at io.netty.channel.DefaultChannelPipeline$HeadContext.bind(DefaultChannelPipeline.java:1258)
	at io.netty.channel.AbstractChannelHandlerContext.invokeBind(AbstractChannelHandlerContext.java:512)
	at io.netty.channel.AbstractChannelHandlerContext.bind(AbstractChannelHandlerContext.java:497)
	at io.netty.channel.DefaultChannelPipeline.bind(DefaultChannelPipeline.java:980)
	at io.netty.channel.AbstractChannel.bind(AbstractChannel.java:250)
	at io.netty.bootstrap.AbstractBootstrap$2.run(AbstractBootstrap.java:363)
	at io.netty.util.concurrent.AbstractEventExecutor.safeExecute(AbstractEventExecutor.java:163)
	at io.netty.util.concurrent.SingleThreadEventExecutor.runAllTasks(SingleThreadEventExecutor.java:418)
	at io.netty.channel.nio.NioEventLoop.run(NioEventLoop.java:454)
	at io.netty.util.concurrent.SingleThreadEventExecutor$5.run(SingleThreadEventExecutor.java:873)
	at io.netty.util.concurrent.DefaultThreadFactory$DefaultRunnableDecorator.run(DefaultThreadFactory.java:144)
	at java.lang.Thread.run(Unknown Source)
