2020-08-18 13:37:13.992 [main] ERROR com.alibaba.dubbo.registry.zookeeper.ZookeeperRegistry -  [DUBBO] Failed to register consumer://192.168.40.1/com.bz.push.service.app.AppNoticeService?application=bz-push-consumer-web&category=consumers&check=false&dubbo=2.6.2&interface=com.bz.push.service.app.AppNoticeService&methods=add&pid=20008&revision=1.0.1&side=consumer&timeout=10000&timestamp=1597728992819&version=1.0.1, waiting for retry, cause: Failed to register consumer://192.168.40.1/com.bz.push.service.app.AppNoticeService?application=bz-push-consumer-web&category=consumers&check=false&dubbo=2.6.2&interface=com.bz.push.service.app.AppNoticeService&methods=add&pid=20008&revision=1.0.1&side=consumer&timeout=10000&timestamp=1597728992819&version=1.0.1 to zookeeper zookeeper://127.0.0.1:2181/com.alibaba.dubbo.registry.RegistryService?application=bz-push-consumer-web&dubbo=2.6.2&interface=com.alibaba.dubbo.registry.RegistryService&pid=20008&timestamp=1597728992894, cause: KeeperErrorCode = ConnectionLoss for /dubbo, dubbo version: 2.6.2, current host: 192.168.40.1
com.alibaba.dubbo.rpc.RpcException: Failed to register consumer://192.168.40.1/com.bz.push.service.app.AppNoticeService?application=bz-push-consumer-web&category=consumers&check=false&dubbo=2.6.2&interface=com.bz.push.service.app.AppNoticeService&methods=add&pid=20008&revision=1.0.1&side=consumer&timeout=10000&timestamp=1597728992819&version=1.0.1 to zookeeper zookeeper://127.0.0.1:2181/com.alibaba.dubbo.registry.RegistryService?application=bz-push-consumer-web&dubbo=2.6.2&interface=com.alibaba.dubbo.registry.RegistryService&pid=20008&timestamp=1597728992894, cause: KeeperErrorCode = ConnectionLoss for /dubbo
	at com.alibaba.dubbo.registry.zookeeper.ZookeeperRegistry.doRegister(ZookeeperRegistry.java:116)
	at com.alibaba.dubbo.registry.support.FailbackRegistry.register(FailbackRegistry.java:131)
	at com.alibaba.dubbo.registry.integration.RegistryProtocol.doRefer(RegistryProtocol.java:302)
	at com.alibaba.dubbo.registry.integration.RegistryProtocol.refer(RegistryProtocol.java:286)
	at com.alibaba.dubbo.rpc.protocol.ProtocolFilterWrapper.refer(ProtocolFilterWrapper.java:106)
	at com.alibaba.dubbo.rpc.protocol.ProtocolListenerWrapper.refer(ProtocolListenerWrapper.java:65)
	at com.alibaba.dubbo.qos.protocol.QosProtocolWrapper.refer(QosProtocolWrapper.java:63)
	at com.alibaba.dubbo.rpc.Protocol$Adaptive.refer(Protocol$Adaptive.java)
	at com.alibaba.dubbo.config.ReferenceConfig.createProxy(ReferenceConfig.java:394)
	at com.alibaba.dubbo.config.ReferenceConfig.init(ReferenceConfig.java:333)
	at com.alibaba.dubbo.config.ReferenceConfig.get(ReferenceConfig.java:163)
	at com.alibaba.dubbo.config.spring.ReferenceBean.getObject(ReferenceBean.java:66)
	at java.base/jdk.internal.reflect.NativeMethodAccessorImpl.invoke0(Native Method)
	at java.base/jdk.internal.reflect.NativeMethodAccessorImpl.invoke(NativeMethodAccessorImpl.java:62)
	at java.base/jdk.internal.reflect.DelegatingMethodAccessorImpl.invoke(DelegatingMethodAccessorImpl.java:43)
	at java.base/java.lang.reflect.Method.invoke(Method.java:566)
	at com.alibaba.dubbo.config.AbstractConfig.toString(AbstractConfig.java:474)
	at java.base/java.lang.String.valueOf(String.java:2951)
	at java.base/java.lang.StringBuilder.append(StringBuilder.java:168)
	at com.alibaba.dubbo.config.spring.beans.factory.annotation.AbstractAnnotationConfigBeanBuilder.build(AbstractAnnotationConfigBeanBuilder.java:79)
	at com.alibaba.dubbo.config.spring.beans.factory.annotation.ReferenceAnnotationBeanPostProcessor.buildReferenceBean(ReferenceAnnotationBeanPostProcessor.java:385)
	at com.alibaba.dubbo.config.spring.beans.factory.annotation.ReferenceAnnotationBeanPostProcessor.access$100(ReferenceAnnotationBeanPostProcessor.java:65)
	at com.alibaba.dubbo.config.spring.beans.factory.annotation.ReferenceAnnotationBeanPostProcessor$ReferenceFieldElement.inject(ReferenceAnnotationBeanPostProcessor.java:363)
	at org.springframework.beans.factory.annotation.InjectionMetadata.inject(InjectionMetadata.java:88)
	at com.alibaba.dubbo.config.spring.beans.factory.annotation.ReferenceAnnotationBeanPostProcessor.postProcessPropertyValues(ReferenceAnnotationBeanPostProcessor.java:92)
	at org.springframework.beans.factory.support.AbstractAutowireCapableBeanFactory.populateBean(AbstractAutowireCapableBeanFactory.java:1264)
	at org.springframework.beans.factory.support.AbstractAutowireCapableBeanFactory.doCreateBean(AbstractAutowireCapableBeanFactory.java:553)
	at org.springframework.beans.factory.support.AbstractAutowireCapableBeanFactory.createBean(AbstractAutowireCapableBeanFactory.java:483)
	at org.springframework.beans.factory.support.AbstractBeanFactory$1.getObject(AbstractBeanFactory.java:306)
	at org.springframework.beans.factory.support.DefaultSingletonBeanRegistry.getSingleton(DefaultSingletonBeanRegistry.java:230)
	at org.springframework.beans.factory.support.AbstractBeanFactory.doGetBean(AbstractBeanFactory.java:302)
	at org.springframework.beans.factory.support.AbstractBeanFactory.getBean(AbstractBeanFactory.java:197)
	at org.springframework.beans.factory.support.DefaultListableBeanFactory.preInstantiateSingletons(DefaultListableBeanFactory.java:761)
	at org.springframework.context.support.AbstractApplicationContext.finishBeanFactoryInitialization(AbstractApplicationContext.java:867)
	at org.springframework.context.support.AbstractApplicationContext.refresh(AbstractApplicationContext.java:543)
	at org.springframework.boot.context.embedded.EmbeddedWebApplicationContext.refresh(EmbeddedWebApplicationContext.java:122)
	at org.springframework.boot.SpringApplication.refresh(SpringApplication.java:693)
	at org.springframework.boot.SpringApplication.refreshContext(SpringApplication.java:360)
	at org.springframework.boot.SpringApplication.run(SpringApplication.java:303)
	at org.springframework.boot.SpringApplication.run(SpringApplication.java:1118)
	at org.springframework.boot.SpringApplication.run(SpringApplication.java:1107)
	at com.bz.push.WebApp.main(WebApp.java:12)
Caused by: java.lang.IllegalStateException: KeeperErrorCode = ConnectionLoss for /dubbo
	at com.alibaba.dubbo.remoting.zookeeper.curator.CuratorZookeeperClient.createPersistent(CuratorZookeeperClient.java:79)
	at com.alibaba.dubbo.remoting.zookeeper.support.AbstractZookeeperClient.create(AbstractZookeeperClient.java:65)
	at com.alibaba.dubbo.remoting.zookeeper.support.AbstractZookeeperClient.create(AbstractZookeeperClient.java:59)
	at com.alibaba.dubbo.remoting.zookeeper.support.AbstractZookeeperClient.create(AbstractZookeeperClient.java:59)
	at com.alibaba.dubbo.remoting.zookeeper.support.AbstractZookeeperClient.create(AbstractZookeeperClient.java:59)
	at com.alibaba.dubbo.registry.zookeeper.ZookeeperRegistry.doRegister(ZookeeperRegistry.java:114)
	... 41 common frames omitted
Caused by: org.apache.zookeeper.KeeperException$ConnectionLossException: KeeperErrorCode = ConnectionLoss for /dubbo
	at org.apache.zookeeper.KeeperException.create(KeeperException.java:102)
	at org.apache.zookeeper.KeeperException.create(KeeperException.java:54)
	at org.apache.zookeeper.ZooKeeper.create(ZooKeeper.java:786)
	at org.apache.curator.framework.imps.CreateBuilderImpl$17.call(CreateBuilderImpl.java:1177)
	at org.apache.curator.framework.imps.CreateBuilderImpl$17.call(CreateBuilderImpl.java:1158)
	at org.apache.curator.connection.StandardConnectionHandlingPolicy.callWithRetry(StandardConnectionHandlingPolicy.java:64)
	at org.apache.curator.RetryLoop.callWithRetry(RetryLoop.java:100)
	at org.apache.curator.framework.imps.CreateBuilderImpl.pathInForeground(CreateBuilderImpl.java:1155)
	at org.apache.curator.framework.imps.CreateBuilderImpl.protectedPathInForeground(CreateBuilderImpl.java:605)
	at org.apache.curator.framework.imps.CreateBuilderImpl.forPath(CreateBuilderImpl.java:595)
	at org.apache.curator.framework.imps.CreateBuilderImpl.forPath(CreateBuilderImpl.java:573)
	at org.apache.curator.framework.imps.CreateBuilderImpl.forPath(CreateBuilderImpl.java:49)
	at com.alibaba.dubbo.remoting.zookeeper.curator.CuratorZookeeperClient.createPersistent(CuratorZookeeperClient.java:76)
	... 46 common frames omitted
2020-08-18 13:37:44.059 [main] ERROR com.alibaba.dubbo.registry.zookeeper.ZookeeperRegistry -  [DUBBO] Failed to subscribe consumer://192.168.40.1/com.bz.push.service.app.AppNoticeService?application=bz-push-consumer-web&category=providers,configurators,routers&check=false&dubbo=2.6.2&interface=com.bz.push.service.app.AppNoticeService&methods=add&pid=20008&revision=1.0.1&side=consumer&timeout=10000&timestamp=1597728992819&version=1.0.1, waiting for retry, cause: Failed to subscribe consumer://192.168.40.1/com.bz.push.service.app.AppNoticeService?application=bz-push-consumer-web&category=providers,configurators,routers&check=false&dubbo=2.6.2&interface=com.bz.push.service.app.AppNoticeService&methods=add&pid=20008&revision=1.0.1&side=consumer&timeout=10000&timestamp=1597728992819&version=1.0.1 to zookeeper zookeeper://127.0.0.1:2181/com.alibaba.dubbo.registry.RegistryService?application=bz-push-consumer-web&dubbo=2.6.2&interface=com.alibaba.dubbo.registry.RegistryService&pid=20008&timestamp=1597728992894, cause: KeeperErrorCode = ConnectionLoss for /dubbo, dubbo version: 2.6.2, current host: 192.168.40.1
com.alibaba.dubbo.rpc.RpcException: Failed to subscribe consumer://192.168.40.1/com.bz.push.service.app.AppNoticeService?application=bz-push-consumer-web&category=providers,configurators,routers&check=false&dubbo=2.6.2&interface=com.bz.push.service.app.AppNoticeService&methods=add&pid=20008&revision=1.0.1&side=consumer&timeout=10000&timestamp=1597728992819&version=1.0.1 to zookeeper zookeeper://127.0.0.1:2181/com.alibaba.dubbo.registry.RegistryService?application=bz-push-consumer-web&dubbo=2.6.2&interface=com.alibaba.dubbo.registry.RegistryService&pid=20008&timestamp=1597728992894, cause: KeeperErrorCode = ConnectionLoss for /dubbo
	at com.alibaba.dubbo.registry.zookeeper.ZookeeperRegistry.doSubscribe(ZookeeperRegistry.java:193)
	at com.alibaba.dubbo.registry.support.FailbackRegistry.subscribe(FailbackRegistry.java:190)
	at com.alibaba.dubbo.registry.integration.RegistryDirectory.subscribe(RegistryDirectory.java:159)
	at com.alibaba.dubbo.registry.integration.RegistryProtocol.doRefer(RegistryProtocol.java:305)
	at com.alibaba.dubbo.registry.integration.RegistryProtocol.refer(RegistryProtocol.java:286)
	at com.alibaba.dubbo.rpc.protocol.ProtocolFilterWrapper.refer(ProtocolFilterWrapper.java:106)
	at com.alibaba.dubbo.rpc.protocol.ProtocolListenerWrapper.refer(ProtocolListenerWrapper.java:65)
	at com.alibaba.dubbo.qos.protocol.QosProtocolWrapper.refer(QosProtocolWrapper.java:63)
	at com.alibaba.dubbo.rpc.Protocol$Adaptive.refer(Protocol$Adaptive.java)
	at com.alibaba.dubbo.config.ReferenceConfig.createProxy(ReferenceConfig.java:394)
	at com.alibaba.dubbo.config.ReferenceConfig.init(ReferenceConfig.java:333)
	at com.alibaba.dubbo.config.ReferenceConfig.get(ReferenceConfig.java:163)
	at com.alibaba.dubbo.config.spring.ReferenceBean.getObject(ReferenceBean.java:66)
	at java.base/jdk.internal.reflect.NativeMethodAccessorImpl.invoke0(Native Method)
	at java.base/jdk.internal.reflect.NativeMethodAccessorImpl.invoke(NativeMethodAccessorImpl.java:62)
	at java.base/jdk.internal.reflect.DelegatingMethodAccessorImpl.invoke(DelegatingMethodAccessorImpl.java:43)
	at java.base/java.lang.reflect.Method.invoke(Method.java:566)
	at com.alibaba.dubbo.config.AbstractConfig.toString(AbstractConfig.java:474)
	at java.base/java.lang.String.valueOf(String.java:2951)
	at java.base/java.lang.StringBuilder.append(StringBuilder.java:168)
	at com.alibaba.dubbo.config.spring.beans.factory.annotation.AbstractAnnotationConfigBeanBuilder.build(AbstractAnnotationConfigBeanBuilder.java:79)
	at com.alibaba.dubbo.config.spring.beans.factory.annotation.ReferenceAnnotationBeanPostProcessor.buildReferenceBean(ReferenceAnnotationBeanPostProcessor.java:385)
	at com.alibaba.dubbo.config.spring.beans.factory.annotation.ReferenceAnnotationBeanPostProcessor.access$100(ReferenceAnnotationBeanPostProcessor.java:65)
	at com.alibaba.dubbo.config.spring.beans.factory.annotation.ReferenceAnnotationBeanPostProcessor$ReferenceFieldElement.inject(ReferenceAnnotationBeanPostProcessor.java:363)
	at org.springframework.beans.factory.annotation.InjectionMetadata.inject(InjectionMetadata.java:88)
	at com.alibaba.dubbo.config.spring.beans.factory.annotation.ReferenceAnnotationBeanPostProcessor.postProcessPropertyValues(ReferenceAnnotationBeanPostProcessor.java:92)
	at org.springframework.beans.factory.support.AbstractAutowireCapableBeanFactory.populateBean(AbstractAutowireCapableBeanFactory.java:1264)
	at org.springframework.beans.factory.support.AbstractAutowireCapableBeanFactory.doCreateBean(AbstractAutowireCapableBeanFactory.java:553)
	at org.springframework.beans.factory.support.AbstractAutowireCapableBeanFactory.createBean(AbstractAutowireCapableBeanFactory.java:483)
	at org.springframework.beans.factory.support.AbstractBeanFactory$1.getObject(AbstractBeanFactory.java:306)
	at org.springframework.beans.factory.support.DefaultSingletonBeanRegistry.getSingleton(DefaultSingletonBeanRegistry.java:230)
	at org.springframework.beans.factory.support.AbstractBeanFactory.doGetBean(AbstractBeanFactory.java:302)
	at org.springframework.beans.factory.support.AbstractBeanFactory.getBean(AbstractBeanFactory.java:197)
	at org.springframework.beans.factory.support.DefaultListableBeanFactory.preInstantiateSingletons(DefaultListableBeanFactory.java:761)
	at org.springframework.context.support.AbstractApplicationContext.finishBeanFactoryInitialization(AbstractApplicationContext.java:867)
	at org.springframework.context.support.AbstractApplicationContext.refresh(AbstractApplicationContext.java:543)
	at org.springframework.boot.context.embedded.EmbeddedWebApplicationContext.refresh(EmbeddedWebApplicationContext.java:122)
	at org.springframework.boot.SpringApplication.refresh(SpringApplication.java:693)
	at org.springframework.boot.SpringApplication.refreshContext(SpringApplication.java:360)
	at org.springframework.boot.SpringApplication.run(SpringApplication.java:303)
	at org.springframework.boot.SpringApplication.run(SpringApplication.java:1118)
	at org.springframework.boot.SpringApplication.run(SpringApplication.java:1107)
	at com.bz.push.WebApp.main(WebApp.java:12)
Caused by: java.lang.IllegalStateException: KeeperErrorCode = ConnectionLoss for /dubbo
	at com.alibaba.dubbo.remoting.zookeeper.curator.CuratorZookeeperClient.createPersistent(CuratorZookeeperClient.java:79)
	at com.alibaba.dubbo.remoting.zookeeper.support.AbstractZookeeperClient.create(AbstractZookeeperClient.java:65)
	at com.alibaba.dubbo.remoting.zookeeper.support.AbstractZookeeperClient.create(AbstractZookeeperClient.java:59)
	at com.alibaba.dubbo.remoting.zookeeper.support.AbstractZookeeperClient.create(AbstractZookeeperClient.java:59)
	at com.alibaba.dubbo.registry.zookeeper.ZookeeperRegistry.doSubscribe(ZookeeperRegistry.java:184)
	... 42 common frames omitted
Caused by: org.apache.zookeeper.KeeperException$ConnectionLossException: KeeperErrorCode = ConnectionLoss for /dubbo
	at org.apache.zookeeper.KeeperException.create(KeeperException.java:102)
	at org.apache.zookeeper.KeeperException.create(KeeperException.java:54)
	at org.apache.zookeeper.ZooKeeper.create(ZooKeeper.java:786)
	at org.apache.curator.framework.imps.CreateBuilderImpl$17.call(CreateBuilderImpl.java:1177)
	at org.apache.curator.framework.imps.CreateBuilderImpl$17.call(CreateBuilderImpl.java:1158)
	at org.apache.curator.connection.StandardConnectionHandlingPolicy.callWithRetry(StandardConnectionHandlingPolicy.java:64)
	at org.apache.curator.RetryLoop.callWithRetry(RetryLoop.java:100)
	at org.apache.curator.framework.imps.CreateBuilderImpl.pathInForeground(CreateBuilderImpl.java:1155)
	at org.apache.curator.framework.imps.CreateBuilderImpl.protectedPathInForeground(CreateBuilderImpl.java:605)
	at org.apache.curator.framework.imps.CreateBuilderImpl.forPath(CreateBuilderImpl.java:595)
	at org.apache.curator.framework.imps.CreateBuilderImpl.forPath(CreateBuilderImpl.java:573)
	at org.apache.curator.framework.imps.CreateBuilderImpl.forPath(CreateBuilderImpl.java:49)
	at com.alibaba.dubbo.remoting.zookeeper.curator.CuratorZookeeperClient.createPersistent(CuratorZookeeperClient.java:76)
	... 46 common frames omitted
2020-08-18 13:38:23.864 [main] ERROR com.alibaba.dubbo.registry.zookeeper.ZookeeperRegistry -  [DUBBO] Failed to register consumer://192.168.40.1/com.bz.push.service.sms.ValidateCodeService?application=bz-push-consumer-web&category=consumers&check=false&dubbo=2.6.2&interface=com.bz.push.service.sms.ValidateCodeService&methods=sendSmsCode,sendSmsCodeXQ,sendSmsCodeZQ,checkReSend,page,validateSmsCode,sendSmsCodeSDM,remove&pid=20008&revision=1.0.1&side=consumer&timeout=10000&timestamp=1597729064109&version=1.0.1, waiting for retry, cause: Failed to register consumer://192.168.40.1/com.bz.push.service.sms.ValidateCodeService?application=bz-push-consumer-web&category=consumers&check=false&dubbo=2.6.2&interface=com.bz.push.service.sms.ValidateCodeService&methods=sendSmsCode,sendSmsCodeXQ,sendSmsCodeZQ,checkReSend,page,validateSmsCode,sendSmsCodeSDM,remove&pid=20008&revision=1.0.1&side=consumer&timeout=10000&timestamp=1597729064109&version=1.0.1 to zookeeper zookeeper://127.0.0.1:2181/com.alibaba.dubbo.registry.RegistryService?application=bz-push-consumer-web&dubbo=2.6.2&interface=com.alibaba.dubbo.registry.RegistryService&pid=20008&timestamp=1597728992894, cause: KeeperErrorCode = ConnectionLoss for /dubbo, dubbo version: 2.6.2, current host: 192.168.40.1
com.alibaba.dubbo.rpc.RpcException: Failed to register consumer://192.168.40.1/com.bz.push.service.sms.ValidateCodeService?application=bz-push-consumer-web&category=consumers&check=false&dubbo=2.6.2&interface=com.bz.push.service.sms.ValidateCodeService&methods=sendSmsCode,sendSmsCodeXQ,sendSmsCodeZQ,checkReSend,page,validateSmsCode,sendSmsCodeSDM,remove&pid=20008&revision=1.0.1&side=consumer&timeout=10000&timestamp=1597729064109&version=1.0.1 to zookeeper zookeeper://127.0.0.1:2181/com.alibaba.dubbo.registry.RegistryService?application=bz-push-consumer-web&dubbo=2.6.2&interface=com.alibaba.dubbo.registry.RegistryService&pid=20008&timestamp=1597728992894, cause: KeeperErrorCode = ConnectionLoss for /dubbo
	at com.alibaba.dubbo.registry.zookeeper.ZookeeperRegistry.doRegister(ZookeeperRegistry.java:116)
	at com.alibaba.dubbo.registry.support.FailbackRegistry.register(FailbackRegistry.java:131)
	at com.alibaba.dubbo.registry.integration.RegistryProtocol.doRefer(RegistryProtocol.java:302)
	at com.alibaba.dubbo.registry.integration.RegistryProtocol.refer(RegistryProtocol.java:286)
	at com.alibaba.dubbo.rpc.protocol.ProtocolFilterWrapper.refer(ProtocolFilterWrapper.java:106)
	at com.alibaba.dubbo.rpc.protocol.ProtocolListenerWrapper.refer(ProtocolListenerWrapper.java:65)
	at com.alibaba.dubbo.qos.protocol.QosProtocolWrapper.refer(QosProtocolWrapper.java:63)
	at com.alibaba.dubbo.rpc.Protocol$Adaptive.refer(Protocol$Adaptive.java)
	at com.alibaba.dubbo.config.ReferenceConfig.createProxy(ReferenceConfig.java:394)
	at com.alibaba.dubbo.config.ReferenceConfig.init(ReferenceConfig.java:333)
	at com.alibaba.dubbo.config.ReferenceConfig.get(ReferenceConfig.java:163)
	at com.alibaba.dubbo.config.spring.ReferenceBean.getObject(ReferenceBean.java:66)
	at java.base/jdk.internal.reflect.NativeMethodAccessorImpl.invoke0(Native Method)
	at java.base/jdk.internal.reflect.NativeMethodAccessorImpl.invoke(NativeMethodAccessorImpl.java:62)
	at java.base/jdk.internal.reflect.DelegatingMethodAccessorImpl.invoke(DelegatingMethodAccessorImpl.java:43)
	at java.base/java.lang.reflect.Method.invoke(Method.java:566)
	at com.alibaba.dubbo.config.AbstractConfig.toString(AbstractConfig.java:474)
	at java.base/java.lang.String.valueOf(String.java:2951)
	at java.base/java.lang.StringBuilder.append(StringBuilder.java:168)
	at com.alibaba.dubbo.config.spring.beans.factory.annotation.AbstractAnnotationConfigBeanBuilder.build(AbstractAnnotationConfigBeanBuilder.java:79)
	at com.alibaba.dubbo.config.spring.beans.factory.annotation.ReferenceAnnotationBeanPostProcessor.buildReferenceBean(ReferenceAnnotationBeanPostProcessor.java:385)
	at com.alibaba.dubbo.config.spring.beans.factory.annotation.ReferenceAnnotationBeanPostProcessor.access$100(ReferenceAnnotationBeanPostProcessor.java:65)
	at com.alibaba.dubbo.config.spring.beans.factory.annotation.ReferenceAnnotationBeanPostProcessor$ReferenceFieldElement.inject(ReferenceAnnotationBeanPostProcessor.java:363)
	at org.springframework.beans.factory.annotation.InjectionMetadata.inject(InjectionMetadata.java:88)
	at com.alibaba.dubbo.config.spring.beans.factory.annotation.ReferenceAnnotationBeanPostProcessor.postProcessPropertyValues(ReferenceAnnotationBeanPostProcessor.java:92)
	at org.springframework.beans.factory.support.AbstractAutowireCapableBeanFactory.populateBean(AbstractAutowireCapableBeanFactory.java:1264)
	at org.springframework.beans.factory.support.AbstractAutowireCapableBeanFactory.doCreateBean(AbstractAutowireCapableBeanFactory.java:553)
	at org.springframework.beans.factory.support.AbstractAutowireCapableBeanFactory.createBean(AbstractAutowireCapableBeanFactory.java:483)
	at org.springframework.beans.factory.support.AbstractBeanFactory$1.getObject(AbstractBeanFactory.java:306)
	at org.springframework.beans.factory.support.DefaultSingletonBeanRegistry.getSingleton(DefaultSingletonBeanRegistry.java:230)
	at org.springframework.beans.factory.support.AbstractBeanFactory.doGetBean(AbstractBeanFactory.java:302)
	at org.springframework.beans.factory.support.AbstractBeanFactory.getBean(AbstractBeanFactory.java:197)
	at org.springframework.beans.factory.support.DefaultListableBeanFactory.preInstantiateSingletons(DefaultListableBeanFactory.java:761)
	at org.springframework.context.support.AbstractApplicationContext.finishBeanFactoryInitialization(AbstractApplicationContext.java:867)
	at org.springframework.context.support.AbstractApplicationContext.refresh(AbstractApplicationContext.java:543)
	at org.springframework.boot.context.embedded.EmbeddedWebApplicationContext.refresh(EmbeddedWebApplicationContext.java:122)
	at org.springframework.boot.SpringApplication.refresh(SpringApplication.java:693)
	at org.springframework.boot.SpringApplication.refreshContext(SpringApplication.java:360)
	at org.springframework.boot.SpringApplication.run(SpringApplication.java:303)
	at org.springframework.boot.SpringApplication.run(SpringApplication.java:1118)
	at org.springframework.boot.SpringApplication.run(SpringApplication.java:1107)
	at com.bz.push.WebApp.main(WebApp.java:12)
Caused by: java.lang.IllegalStateException: KeeperErrorCode = ConnectionLoss for /dubbo
	at com.alibaba.dubbo.remoting.zookeeper.curator.CuratorZookeeperClient.createPersistent(CuratorZookeeperClient.java:79)
	at com.alibaba.dubbo.remoting.zookeeper.support.AbstractZookeeperClient.create(AbstractZookeeperClient.java:65)
	at com.alibaba.dubbo.remoting.zookeeper.support.AbstractZookeeperClient.create(AbstractZookeeperClient.java:59)
	at com.alibaba.dubbo.remoting.zookeeper.support.AbstractZookeeperClient.create(AbstractZookeeperClient.java:59)
	at com.alibaba.dubbo.remoting.zookeeper.support.AbstractZookeeperClient.create(AbstractZookeeperClient.java:59)
	at com.alibaba.dubbo.registry.zookeeper.ZookeeperRegistry.doRegister(ZookeeperRegistry.java:114)
	... 41 common frames omitted
Caused by: org.apache.zookeeper.KeeperException$ConnectionLossException: KeeperErrorCode = ConnectionLoss for /dubbo
	at org.apache.zookeeper.KeeperException.create(KeeperException.java:102)
	at org.apache.zookeeper.KeeperException.create(KeeperException.java:54)
	at org.apache.zookeeper.ZooKeeper.create(ZooKeeper.java:786)
	at org.apache.curator.framework.imps.CreateBuilderImpl$17.call(CreateBuilderImpl.java:1177)
	at org.apache.curator.framework.imps.CreateBuilderImpl$17.call(CreateBuilderImpl.java:1158)
	at org.apache.curator.connection.StandardConnectionHandlingPolicy.callWithRetry(StandardConnectionHandlingPolicy.java:64)
	at org.apache.curator.RetryLoop.callWithRetry(RetryLoop.java:100)
	at org.apache.curator.framework.imps.CreateBuilderImpl.pathInForeground(CreateBuilderImpl.java:1155)
	at org.apache.curator.framework.imps.CreateBuilderImpl.protectedPathInForeground(CreateBuilderImpl.java:605)
	at org.apache.curator.framework.imps.CreateBuilderImpl.forPath(CreateBuilderImpl.java:595)
	at org.apache.curator.framework.imps.CreateBuilderImpl.forPath(CreateBuilderImpl.java:573)
	at org.apache.curator.framework.imps.CreateBuilderImpl.forPath(CreateBuilderImpl.java:49)
	at com.alibaba.dubbo.remoting.zookeeper.curator.CuratorZookeeperClient.createPersistent(CuratorZookeeperClient.java:76)
	... 46 common frames omitted
2020-08-18 13:38:53.858 [main] ERROR com.alibaba.dubbo.registry.zookeeper.ZookeeperRegistry -  [DUBBO] Failed to subscribe consumer://192.168.40.1/com.bz.push.service.sms.ValidateCodeService?application=bz-push-consumer-web&category=providers,configurators,routers&check=false&dubbo=2.6.2&interface=com.bz.push.service.sms.ValidateCodeService&methods=sendSmsCode,sendSmsCodeXQ,sendSmsCodeZQ,checkReSend,page,validateSmsCode,sendSmsCodeSDM,remove&pid=20008&revision=1.0.1&side=consumer&timeout=10000&timestamp=1597729064109&version=1.0.1, waiting for retry, cause: Failed to subscribe consumer://192.168.40.1/com.bz.push.service.sms.ValidateCodeService?application=bz-push-consumer-web&category=providers,configurators,routers&check=false&dubbo=2.6.2&interface=com.bz.push.service.sms.ValidateCodeService&methods=sendSmsCode,sendSmsCodeXQ,sendSmsCodeZQ,checkReSend,page,validateSmsCode,sendSmsCodeSDM,remove&pid=20008&revision=1.0.1&side=consumer&timeout=10000&timestamp=1597729064109&version=1.0.1 to zookeeper zookeeper://127.0.0.1:2181/com.alibaba.dubbo.registry.RegistryService?application=bz-push-consumer-web&dubbo=2.6.2&interface=com.alibaba.dubbo.registry.RegistryService&pid=20008&timestamp=1597728992894, cause: KeeperErrorCode = ConnectionLoss for /dubbo, dubbo version: 2.6.2, current host: 192.168.40.1
com.alibaba.dubbo.rpc.RpcException: Failed to subscribe consumer://192.168.40.1/com.bz.push.service.sms.ValidateCodeService?application=bz-push-consumer-web&category=providers,configurators,routers&check=false&dubbo=2.6.2&interface=com.bz.push.service.sms.ValidateCodeService&methods=sendSmsCode,sendSmsCodeXQ,sendSmsCodeZQ,checkReSend,page,validateSmsCode,sendSmsCodeSDM,remove&pid=20008&revision=1.0.1&side=consumer&timeout=10000&timestamp=1597729064109&version=1.0.1 to zookeeper zookeeper://127.0.0.1:2181/com.alibaba.dubbo.registry.RegistryService?application=bz-push-consumer-web&dubbo=2.6.2&interface=com.alibaba.dubbo.registry.RegistryService&pid=20008&timestamp=1597728992894, cause: KeeperErrorCode = ConnectionLoss for /dubbo
	at com.alibaba.dubbo.registry.zookeeper.ZookeeperRegistry.doSubscribe(ZookeeperRegistry.java:193)
	at com.alibaba.dubbo.registry.support.FailbackRegistry.subscribe(FailbackRegistry.java:190)
	at com.alibaba.dubbo.registry.integration.RegistryDirectory.subscribe(RegistryDirectory.java:159)
	at com.alibaba.dubbo.registry.integration.RegistryProtocol.doRefer(RegistryProtocol.java:305)
	at com.alibaba.dubbo.registry.integration.RegistryProtocol.refer(RegistryProtocol.java:286)
	at com.alibaba.dubbo.rpc.protocol.ProtocolFilterWrapper.refer(ProtocolFilterWrapper.java:106)
	at com.alibaba.dubbo.rpc.protocol.ProtocolListenerWrapper.refer(ProtocolListenerWrapper.java:65)
	at com.alibaba.dubbo.qos.protocol.QosProtocolWrapper.refer(QosProtocolWrapper.java:63)
	at com.alibaba.dubbo.rpc.Protocol$Adaptive.refer(Protocol$Adaptive.java)
	at com.alibaba.dubbo.config.ReferenceConfig.createProxy(ReferenceConfig.java:394)
	at com.alibaba.dubbo.config.ReferenceConfig.init(ReferenceConfig.java:333)
	at com.alibaba.dubbo.config.ReferenceConfig.get(ReferenceConfig.java:163)
	at com.alibaba.dubbo.config.spring.ReferenceBean.getObject(ReferenceBean.java:66)
	at java.base/jdk.internal.reflect.NativeMethodAccessorImpl.invoke0(Native Method)
	at java.base/jdk.internal.reflect.NativeMethodAccessorImpl.invoke(NativeMethodAccessorImpl.java:62)
	at java.base/jdk.internal.reflect.DelegatingMethodAccessorImpl.invoke(DelegatingMethodAccessorImpl.java:43)
	at java.base/java.lang.reflect.Method.invoke(Method.java:566)
	at com.alibaba.dubbo.config.AbstractConfig.toString(AbstractConfig.java:474)
	at java.base/java.lang.String.valueOf(String.java:2951)
	at java.base/java.lang.StringBuilder.append(StringBuilder.java:168)
	at com.alibaba.dubbo.config.spring.beans.factory.annotation.AbstractAnnotationConfigBeanBuilder.build(AbstractAnnotationConfigBeanBuilder.java:79)
	at com.alibaba.dubbo.config.spring.beans.factory.annotation.ReferenceAnnotationBeanPostProcessor.buildReferenceBean(ReferenceAnnotationBeanPostProcessor.java:385)
	at com.alibaba.dubbo.config.spring.beans.factory.annotation.ReferenceAnnotationBeanPostProcessor.access$100(ReferenceAnnotationBeanPostProcessor.java:65)
	at com.alibaba.dubbo.config.spring.beans.factory.annotation.ReferenceAnnotationBeanPostProcessor$ReferenceFieldElement.inject(ReferenceAnnotationBeanPostProcessor.java:363)
	at org.springframework.beans.factory.annotation.InjectionMetadata.inject(InjectionMetadata.java:88)
	at com.alibaba.dubbo.config.spring.beans.factory.annotation.ReferenceAnnotationBeanPostProcessor.postProcessPropertyValues(ReferenceAnnotationBeanPostProcessor.java:92)
	at org.springframework.beans.factory.support.AbstractAutowireCapableBeanFactory.populateBean(AbstractAutowireCapableBeanFactory.java:1264)
	at org.springframework.beans.factory.support.AbstractAutowireCapableBeanFactory.doCreateBean(AbstractAutowireCapableBeanFactory.java:553)
	at org.springframework.beans.factory.support.AbstractAutowireCapableBeanFactory.createBean(AbstractAutowireCapableBeanFactory.java:483)
	at org.springframework.beans.factory.support.AbstractBeanFactory$1.getObject(AbstractBeanFactory.java:306)
	at org.springframework.beans.factory.support.DefaultSingletonBeanRegistry.getSingleton(DefaultSingletonBeanRegistry.java:230)
	at org.springframework.beans.factory.support.AbstractBeanFactory.doGetBean(AbstractBeanFactory.java:302)
	at org.springframework.beans.factory.support.AbstractBeanFactory.getBean(AbstractBeanFactory.java:197)
	at org.springframework.beans.factory.support.DefaultListableBeanFactory.preInstantiateSingletons(DefaultListableBeanFactory.java:761)
	at org.springframework.context.support.AbstractApplicationContext.finishBeanFactoryInitialization(AbstractApplicationContext.java:867)
	at org.springframework.context.support.AbstractApplicationContext.refresh(AbstractApplicationContext.java:543)
	at org.springframework.boot.context.embedded.EmbeddedWebApplicationContext.refresh(EmbeddedWebApplicationContext.java:122)
	at org.springframework.boot.SpringApplication.refresh(SpringApplication.java:693)
	at org.springframework.boot.SpringApplication.refreshContext(SpringApplication.java:360)
	at org.springframework.boot.SpringApplication.run(SpringApplication.java:303)
	at org.springframework.boot.SpringApplication.run(SpringApplication.java:1118)
	at org.springframework.boot.SpringApplication.run(SpringApplication.java:1107)
	at com.bz.push.WebApp.main(WebApp.java:12)
Caused by: java.lang.IllegalStateException: KeeperErrorCode = ConnectionLoss for /dubbo
	at com.alibaba.dubbo.remoting.zookeeper.curator.CuratorZookeeperClient.createPersistent(CuratorZookeeperClient.java:79)
	at com.alibaba.dubbo.remoting.zookeeper.support.AbstractZookeeperClient.create(AbstractZookeeperClient.java:65)
	at com.alibaba.dubbo.remoting.zookeeper.support.AbstractZookeeperClient.create(AbstractZookeeperClient.java:59)
	at com.alibaba.dubbo.remoting.zookeeper.support.AbstractZookeeperClient.create(AbstractZookeeperClient.java:59)
	at com.alibaba.dubbo.registry.zookeeper.ZookeeperRegistry.doSubscribe(ZookeeperRegistry.java:184)
	... 42 common frames omitted
Caused by: org.apache.zookeeper.KeeperException$ConnectionLossException: KeeperErrorCode = ConnectionLoss for /dubbo
	at org.apache.zookeeper.KeeperException.create(KeeperException.java:102)
	at org.apache.zookeeper.KeeperException.create(KeeperException.java:54)
	at org.apache.zookeeper.ZooKeeper.create(ZooKeeper.java:786)
	at org.apache.curator.framework.imps.CreateBuilderImpl$17.call(CreateBuilderImpl.java:1177)
	at org.apache.curator.framework.imps.CreateBuilderImpl$17.call(CreateBuilderImpl.java:1158)
	at org.apache.curator.connection.StandardConnectionHandlingPolicy.callWithRetry(StandardConnectionHandlingPolicy.java:64)
	at org.apache.curator.RetryLoop.callWithRetry(RetryLoop.java:100)
	at org.apache.curator.framework.imps.CreateBuilderImpl.pathInForeground(CreateBuilderImpl.java:1155)
	at org.apache.curator.framework.imps.CreateBuilderImpl.protectedPathInForeground(CreateBuilderImpl.java:605)
	at org.apache.curator.framework.imps.CreateBuilderImpl.forPath(CreateBuilderImpl.java:595)
	at org.apache.curator.framework.imps.CreateBuilderImpl.forPath(CreateBuilderImpl.java:573)
	at org.apache.curator.framework.imps.CreateBuilderImpl.forPath(CreateBuilderImpl.java:49)
	at com.alibaba.dubbo.remoting.zookeeper.curator.CuratorZookeeperClient.createPersistent(CuratorZookeeperClient.java:76)
	... 46 common frames omitted
2020-08-18 13:39:33.565 [main] ERROR com.alibaba.dubbo.registry.zookeeper.ZookeeperRegistry -  [DUBBO] Failed to register consumer://192.168.40.1/com.bz.push.service.sms.SSmsParamConfService?application=bz-push-consumer-web&category=consumers&check=false&dubbo=2.6.2&interface=com.bz.push.service.sms.SSmsParamConfService&methods=selectOne,selectList,update,insert&pid=20008&revision=1.0.1&side=consumer&timeout=3000&timestamp=1597729133888&version=1.0.1, waiting for retry, cause: Failed to register consumer://192.168.40.1/com.bz.push.service.sms.SSmsParamConfService?application=bz-push-consumer-web&category=consumers&check=false&dubbo=2.6.2&interface=com.bz.push.service.sms.SSmsParamConfService&methods=selectOne,selectList,update,insert&pid=20008&revision=1.0.1&side=consumer&timeout=3000&timestamp=1597729133888&version=1.0.1 to zookeeper zookeeper://127.0.0.1:2181/com.alibaba.dubbo.registry.RegistryService?application=bz-push-consumer-web&dubbo=2.6.2&interface=com.alibaba.dubbo.registry.RegistryService&pid=20008&timestamp=1597728992894, cause: KeeperErrorCode = ConnectionLoss for /dubbo, dubbo version: 2.6.2, current host: 192.168.40.1
com.alibaba.dubbo.rpc.RpcException: Failed to register consumer://192.168.40.1/com.bz.push.service.sms.SSmsParamConfService?application=bz-push-consumer-web&category=consumers&check=false&dubbo=2.6.2&interface=com.bz.push.service.sms.SSmsParamConfService&methods=selectOne,selectList,update,insert&pid=20008&revision=1.0.1&side=consumer&timeout=3000&timestamp=1597729133888&version=1.0.1 to zookeeper zookeeper://127.0.0.1:2181/com.alibaba.dubbo.registry.RegistryService?application=bz-push-consumer-web&dubbo=2.6.2&interface=com.alibaba.dubbo.registry.RegistryService&pid=20008&timestamp=1597728992894, cause: KeeperErrorCode = ConnectionLoss for /dubbo
	at com.alibaba.dubbo.registry.zookeeper.ZookeeperRegistry.doRegister(ZookeeperRegistry.java:116)
	at com.alibaba.dubbo.registry.support.FailbackRegistry.register(FailbackRegistry.java:131)
	at com.alibaba.dubbo.registry.integration.RegistryProtocol.doRefer(RegistryProtocol.java:302)
	at com.alibaba.dubbo.registry.integration.RegistryProtocol.refer(RegistryProtocol.java:286)
	at com.alibaba.dubbo.rpc.protocol.ProtocolFilterWrapper.refer(ProtocolFilterWrapper.java:106)
	at com.alibaba.dubbo.rpc.protocol.ProtocolListenerWrapper.refer(ProtocolListenerWrapper.java:65)
	at com.alibaba.dubbo.qos.protocol.QosProtocolWrapper.refer(QosProtocolWrapper.java:63)
	at com.alibaba.dubbo.rpc.Protocol$Adaptive.refer(Protocol$Adaptive.java)
	at com.alibaba.dubbo.config.ReferenceConfig.createProxy(ReferenceConfig.java:394)
	at com.alibaba.dubbo.config.ReferenceConfig.init(ReferenceConfig.java:333)
	at com.alibaba.dubbo.config.ReferenceConfig.get(ReferenceConfig.java:163)
	at com.alibaba.dubbo.config.spring.ReferenceBean.getObject(ReferenceBean.java:66)
	at java.base/jdk.internal.reflect.NativeMethodAccessorImpl.invoke0(Native Method)
	at java.base/jdk.internal.reflect.NativeMethodAccessorImpl.invoke(NativeMethodAccessorImpl.java:62)
	at java.base/jdk.internal.reflect.DelegatingMethodAccessorImpl.invoke(DelegatingMethodAccessorImpl.java:43)
	at java.base/java.lang.reflect.Method.invoke(Method.java:566)
	at com.alibaba.dubbo.config.AbstractConfig.toString(AbstractConfig.java:474)
	at java.base/java.lang.String.valueOf(String.java:2951)
	at java.base/java.lang.StringBuilder.append(StringBuilder.java:168)
	at com.alibaba.dubbo.config.spring.beans.factory.annotation.AbstractAnnotationConfigBeanBuilder.build(AbstractAnnotationConfigBeanBuilder.java:79)
	at com.alibaba.dubbo.config.spring.beans.factory.annotation.ReferenceAnnotationBeanPostProcessor.buildReferenceBean(ReferenceAnnotationBeanPostProcessor.java:385)
	at com.alibaba.dubbo.config.spring.beans.factory.annotation.ReferenceAnnotationBeanPostProcessor.access$100(ReferenceAnnotationBeanPostProcessor.java:65)
	at com.alibaba.dubbo.config.spring.beans.factory.annotation.ReferenceAnnotationBeanPostProcessor$ReferenceFieldElement.inject(ReferenceAnnotationBeanPostProcessor.java:363)
	at org.springframework.beans.factory.annotation.InjectionMetadata.inject(InjectionMetadata.java:88)
	at com.alibaba.dubbo.config.spring.beans.factory.annotation.ReferenceAnnotationBeanPostProcessor.postProcessPropertyValues(ReferenceAnnotationBeanPostProcessor.java:92)
	at org.springframework.beans.factory.support.AbstractAutowireCapableBeanFactory.populateBean(AbstractAutowireCapableBeanFactory.java:1264)
	at org.springframework.beans.factory.support.AbstractAutowireCapableBeanFactory.doCreateBean(AbstractAutowireCapableBeanFactory.java:553)
	at org.springframework.beans.factory.support.AbstractAutowireCapableBeanFactory.createBean(AbstractAutowireCapableBeanFactory.java:483)
	at org.springframework.beans.factory.support.AbstractBeanFactory$1.getObject(AbstractBeanFactory.java:306)
	at org.springframework.beans.factory.support.DefaultSingletonBeanRegistry.getSingleton(DefaultSingletonBeanRegistry.java:230)
	at org.springframework.beans.factory.support.AbstractBeanFactory.doGetBean(AbstractBeanFactory.java:302)
	at org.springframework.beans.factory.support.AbstractBeanFactory.getBean(AbstractBeanFactory.java:197)
	at org.springframework.beans.factory.support.DefaultListableBeanFactory.preInstantiateSingletons(DefaultListableBeanFactory.java:761)
	at org.springframework.context.support.AbstractApplicationContext.finishBeanFactoryInitialization(AbstractApplicationContext.java:867)
	at org.springframework.context.support.AbstractApplicationContext.refresh(AbstractApplicationContext.java:543)
	at org.springframework.boot.context.embedded.EmbeddedWebApplicationContext.refresh(EmbeddedWebApplicationContext.java:122)
	at org.springframework.boot.SpringApplication.refresh(SpringApplication.java:693)
	at org.springframework.boot.SpringApplication.refreshContext(SpringApplication.java:360)
	at org.springframework.boot.SpringApplication.run(SpringApplication.java:303)
	at org.springframework.boot.SpringApplication.run(SpringApplication.java:1118)
	at org.springframework.boot.SpringApplication.run(SpringApplication.java:1107)
	at com.bz.push.WebApp.main(WebApp.java:12)
Caused by: java.lang.IllegalStateException: KeeperErrorCode = ConnectionLoss for /dubbo
	at com.alibaba.dubbo.remoting.zookeeper.curator.CuratorZookeeperClient.createPersistent(CuratorZookeeperClient.java:79)
	at com.alibaba.dubbo.remoting.zookeeper.support.AbstractZookeeperClient.create(AbstractZookeeperClient.java:65)
	at com.alibaba.dubbo.remoting.zookeeper.support.AbstractZookeeperClient.create(AbstractZookeeperClient.java:59)
	at com.alibaba.dubbo.remoting.zookeeper.support.AbstractZookeeperClient.create(AbstractZookeeperClient.java:59)
	at com.alibaba.dubbo.remoting.zookeeper.support.AbstractZookeeperClient.create(AbstractZookeeperClient.java:59)
	at com.alibaba.dubbo.registry.zookeeper.ZookeeperRegistry.doRegister(ZookeeperRegistry.java:114)
	... 41 common frames omitted
Caused by: org.apache.zookeeper.KeeperException$ConnectionLossException: KeeperErrorCode = ConnectionLoss for /dubbo
	at org.apache.zookeeper.KeeperException.create(KeeperException.java:102)
	at org.apache.zookeeper.KeeperException.create(KeeperException.java:54)
	at org.apache.zookeeper.ZooKeeper.create(ZooKeeper.java:786)
	at org.apache.curator.framework.imps.CreateBuilderImpl$17.call(CreateBuilderImpl.java:1177)
	at org.apache.curator.framework.imps.CreateBuilderImpl$17.call(CreateBuilderImpl.java:1158)
	at org.apache.curator.connection.StandardConnectionHandlingPolicy.callWithRetry(StandardConnectionHandlingPolicy.java:64)
	at org.apache.curator.RetryLoop.callWithRetry(RetryLoop.java:100)
	at org.apache.curator.framework.imps.CreateBuilderImpl.pathInForeground(CreateBuilderImpl.java:1155)
	at org.apache.curator.framework.imps.CreateBuilderImpl.protectedPathInForeground(CreateBuilderImpl.java:605)
	at org.apache.curator.framework.imps.CreateBuilderImpl.forPath(CreateBuilderImpl.java:595)
	at org.apache.curator.framework.imps.CreateBuilderImpl.forPath(CreateBuilderImpl.java:573)
	at org.apache.curator.framework.imps.CreateBuilderImpl.forPath(CreateBuilderImpl.java:49)
	at com.alibaba.dubbo.remoting.zookeeper.curator.CuratorZookeeperClient.createPersistent(CuratorZookeeperClient.java:76)
	... 46 common frames omitted
2020-08-18 13:40:03.558 [main] ERROR com.alibaba.dubbo.registry.zookeeper.ZookeeperRegistry -  [DUBBO] Failed to subscribe consumer://192.168.40.1/com.bz.push.service.sms.SSmsParamConfService?application=bz-push-consumer-web&category=providers,configurators,routers&check=false&dubbo=2.6.2&interface=com.bz.push.service.sms.SSmsParamConfService&methods=selectOne,selectList,update,insert&pid=20008&revision=1.0.1&side=consumer&timeout=3000&timestamp=1597729133888&version=1.0.1, waiting for retry, cause: Failed to subscribe consumer://192.168.40.1/com.bz.push.service.sms.SSmsParamConfService?application=bz-push-consumer-web&category=providers,configurators,routers&check=false&dubbo=2.6.2&interface=com.bz.push.service.sms.SSmsParamConfService&methods=selectOne,selectList,update,insert&pid=20008&revision=1.0.1&side=consumer&timeout=3000&timestamp=1597729133888&version=1.0.1 to zookeeper zookeeper://127.0.0.1:2181/com.alibaba.dubbo.registry.RegistryService?application=bz-push-consumer-web&dubbo=2.6.2&interface=com.alibaba.dubbo.registry.RegistryService&pid=20008&timestamp=1597728992894, cause: KeeperErrorCode = ConnectionLoss for /dubbo, dubbo version: 2.6.2, current host: 192.168.40.1
com.alibaba.dubbo.rpc.RpcException: Failed to subscribe consumer://192.168.40.1/com.bz.push.service.sms.SSmsParamConfService?application=bz-push-consumer-web&category=providers,configurators,routers&check=false&dubbo=2.6.2&interface=com.bz.push.service.sms.SSmsParamConfService&methods=selectOne,selectList,update,insert&pid=20008&revision=1.0.1&side=consumer&timeout=3000&timestamp=1597729133888&version=1.0.1 to zookeeper zookeeper://127.0.0.1:2181/com.alibaba.dubbo.registry.RegistryService?application=bz-push-consumer-web&dubbo=2.6.2&interface=com.alibaba.dubbo.registry.RegistryService&pid=20008&timestamp=1597728992894, cause: KeeperErrorCode = ConnectionLoss for /dubbo
	at com.alibaba.dubbo.registry.zookeeper.ZookeeperRegistry.doSubscribe(ZookeeperRegistry.java:193)
	at com.alibaba.dubbo.registry.support.FailbackRegistry.subscribe(FailbackRegistry.java:190)
	at com.alibaba.dubbo.registry.integration.RegistryDirectory.subscribe(RegistryDirectory.java:159)
	at com.alibaba.dubbo.registry.integration.RegistryProtocol.doRefer(RegistryProtocol.java:305)
	at com.alibaba.dubbo.registry.integration.RegistryProtocol.refer(RegistryProtocol.java:286)
	at com.alibaba.dubbo.rpc.protocol.ProtocolFilterWrapper.refer(ProtocolFilterWrapper.java:106)
	at com.alibaba.dubbo.rpc.protocol.ProtocolListenerWrapper.refer(ProtocolListenerWrapper.java:65)
	at com.alibaba.dubbo.qos.protocol.QosProtocolWrapper.refer(QosProtocolWrapper.java:63)
	at com.alibaba.dubbo.rpc.Protocol$Adaptive.refer(Protocol$Adaptive.java)
	at com.alibaba.dubbo.config.ReferenceConfig.createProxy(ReferenceConfig.java:394)
	at com.alibaba.dubbo.config.ReferenceConfig.init(ReferenceConfig.java:333)
	at com.alibaba.dubbo.config.ReferenceConfig.get(ReferenceConfig.java:163)
	at com.alibaba.dubbo.config.spring.ReferenceBean.getObject(ReferenceBean.java:66)
	at java.base/jdk.internal.reflect.NativeMethodAccessorImpl.invoke0(Native Method)
	at java.base/jdk.internal.reflect.NativeMethodAccessorImpl.invoke(NativeMethodAccessorImpl.java:62)
	at java.base/jdk.internal.reflect.DelegatingMethodAccessorImpl.invoke(DelegatingMethodAccessorImpl.java:43)
	at java.base/java.lang.reflect.Method.invoke(Method.java:566)
	at com.alibaba.dubbo.config.AbstractConfig.toString(AbstractConfig.java:474)
	at java.base/java.lang.String.valueOf(String.java:2951)
	at java.base/java.lang.StringBuilder.append(StringBuilder.java:168)
	at com.alibaba.dubbo.config.spring.beans.factory.annotation.AbstractAnnotationConfigBeanBuilder.build(AbstractAnnotationConfigBeanBuilder.java:79)
	at com.alibaba.dubbo.config.spring.beans.factory.annotation.ReferenceAnnotationBeanPostProcessor.buildReferenceBean(ReferenceAnnotationBeanPostProcessor.java:385)
	at com.alibaba.dubbo.config.spring.beans.factory.annotation.ReferenceAnnotationBeanPostProcessor.access$100(ReferenceAnnotationBeanPostProcessor.java:65)
	at com.alibaba.dubbo.config.spring.beans.factory.annotation.ReferenceAnnotationBeanPostProcessor$ReferenceFieldElement.inject(ReferenceAnnotationBeanPostProcessor.java:363)
	at org.springframework.beans.factory.annotation.InjectionMetadata.inject(InjectionMetadata.java:88)
	at com.alibaba.dubbo.config.spring.beans.factory.annotation.ReferenceAnnotationBeanPostProcessor.postProcessPropertyValues(ReferenceAnnotationBeanPostProcessor.java:92)
	at org.springframework.beans.factory.support.AbstractAutowireCapableBeanFactory.populateBean(AbstractAutowireCapableBeanFactory.java:1264)
	at org.springframework.beans.factory.support.AbstractAutowireCapableBeanFactory.doCreateBean(AbstractAutowireCapableBeanFactory.java:553)
	at org.springframework.beans.factory.support.AbstractAutowireCapableBeanFactory.createBean(AbstractAutowireCapableBeanFactory.java:483)
	at org.springframework.beans.factory.support.AbstractBeanFactory$1.getObject(AbstractBeanFactory.java:306)
	at org.springframework.beans.factory.support.DefaultSingletonBeanRegistry.getSingleton(DefaultSingletonBeanRegistry.java:230)
	at org.springframework.beans.factory.support.AbstractBeanFactory.doGetBean(AbstractBeanFactory.java:302)
	at org.springframework.beans.factory.support.AbstractBeanFactory.getBean(AbstractBeanFactory.java:197)
	at org.springframework.beans.factory.support.DefaultListableBeanFactory.preInstantiateSingletons(DefaultListableBeanFactory.java:761)
	at org.springframework.context.support.AbstractApplicationContext.finishBeanFactoryInitialization(AbstractApplicationContext.java:867)
	at org.springframework.context.support.AbstractApplicationContext.refresh(AbstractApplicationContext.java:543)
	at org.springframework.boot.context.embedded.EmbeddedWebApplicationContext.refresh(EmbeddedWebApplicationContext.java:122)
	at org.springframework.boot.SpringApplication.refresh(SpringApplication.java:693)
	at org.springframework.boot.SpringApplication.refreshContext(SpringApplication.java:360)
	at org.springframework.boot.SpringApplication.run(SpringApplication.java:303)
	at org.springframework.boot.SpringApplication.run(SpringApplication.java:1118)
	at org.springframework.boot.SpringApplication.run(SpringApplication.java:1107)
	at com.bz.push.WebApp.main(WebApp.java:12)
Caused by: java.lang.IllegalStateException: KeeperErrorCode = ConnectionLoss for /dubbo
	at com.alibaba.dubbo.remoting.zookeeper.curator.CuratorZookeeperClient.createPersistent(CuratorZookeeperClient.java:79)
	at com.alibaba.dubbo.remoting.zookeeper.support.AbstractZookeeperClient.create(AbstractZookeeperClient.java:65)
	at com.alibaba.dubbo.remoting.zookeeper.support.AbstractZookeeperClient.create(AbstractZookeeperClient.java:59)
	at com.alibaba.dubbo.remoting.zookeeper.support.AbstractZookeeperClient.create(AbstractZookeeperClient.java:59)
	at com.alibaba.dubbo.registry.zookeeper.ZookeeperRegistry.doSubscribe(ZookeeperRegistry.java:184)
	... 42 common frames omitted
Caused by: org.apache.zookeeper.KeeperException$ConnectionLossException: KeeperErrorCode = ConnectionLoss for /dubbo
	at org.apache.zookeeper.KeeperException.create(KeeperException.java:102)
	at org.apache.zookeeper.KeeperException.create(KeeperException.java:54)
	at org.apache.zookeeper.ZooKeeper.create(ZooKeeper.java:786)
	at org.apache.curator.framework.imps.CreateBuilderImpl$17.call(CreateBuilderImpl.java:1177)
	at org.apache.curator.framework.imps.CreateBuilderImpl$17.call(CreateBuilderImpl.java:1158)
	at org.apache.curator.connection.StandardConnectionHandlingPolicy.callWithRetry(StandardConnectionHandlingPolicy.java:64)
	at org.apache.curator.RetryLoop.callWithRetry(RetryLoop.java:100)
	at org.apache.curator.framework.imps.CreateBuilderImpl.pathInForeground(CreateBuilderImpl.java:1155)
	at org.apache.curator.framework.imps.CreateBuilderImpl.protectedPathInForeground(CreateBuilderImpl.java:605)
	at org.apache.curator.framework.imps.CreateBuilderImpl.forPath(CreateBuilderImpl.java:595)
	at org.apache.curator.framework.imps.CreateBuilderImpl.forPath(CreateBuilderImpl.java:573)
	at org.apache.curator.framework.imps.CreateBuilderImpl.forPath(CreateBuilderImpl.java:49)
	at com.alibaba.dubbo.remoting.zookeeper.curator.CuratorZookeeperClient.createPersistent(CuratorZookeeperClient.java:76)
	... 46 common frames omitted
2020-08-18 15:36:34.228 [main] ERROR com.alibaba.dubbo.registry.zookeeper.ZookeeperRegistry -  [DUBBO] Failed to register consumer://192.168.40.1/com.bz.push.service.app.AppNoticeService?application=bz-push-consumer-web&category=consumers&check=false&dubbo=2.6.2&interface=com.bz.push.service.app.AppNoticeService&methods=add&pid=4888&revision=1.0.1&side=consumer&timeout=10000&timestamp=1597736155428&version=1.0.1, waiting for retry, cause: Failed to register consumer://192.168.40.1/com.bz.push.service.app.AppNoticeService?application=bz-push-consumer-web&category=consumers&check=false&dubbo=2.6.2&interface=com.bz.push.service.app.AppNoticeService&methods=add&pid=4888&revision=1.0.1&side=consumer&timeout=10000&timestamp=1597736155428&version=1.0.1 to zookeeper zookeeper://127.0.0.1:2181/com.alibaba.dubbo.registry.RegistryService?application=bz-push-consumer-web&dubbo=2.6.2&interface=com.alibaba.dubbo.registry.RegistryService&pid=4888&timestamp=1597736155495, cause: KeeperErrorCode = ConnectionLoss for /dubbo, dubbo version: 2.6.2, current host: 192.168.40.1
com.alibaba.dubbo.rpc.RpcException: Failed to register consumer://192.168.40.1/com.bz.push.service.app.AppNoticeService?application=bz-push-consumer-web&category=consumers&check=false&dubbo=2.6.2&interface=com.bz.push.service.app.AppNoticeService&methods=add&pid=4888&revision=1.0.1&side=consumer&timeout=10000&timestamp=1597736155428&version=1.0.1 to zookeeper zookeeper://127.0.0.1:2181/com.alibaba.dubbo.registry.RegistryService?application=bz-push-consumer-web&dubbo=2.6.2&interface=com.alibaba.dubbo.registry.RegistryService&pid=4888&timestamp=1597736155495, cause: KeeperErrorCode = ConnectionLoss for /dubbo
	at com.alibaba.dubbo.registry.zookeeper.ZookeeperRegistry.doRegister(ZookeeperRegistry.java:116)
	at com.alibaba.dubbo.registry.support.FailbackRegistry.register(FailbackRegistry.java:131)
	at com.alibaba.dubbo.registry.integration.RegistryProtocol.doRefer(RegistryProtocol.java:302)
	at com.alibaba.dubbo.registry.integration.RegistryProtocol.refer(RegistryProtocol.java:286)
	at com.alibaba.dubbo.rpc.protocol.ProtocolFilterWrapper.refer(ProtocolFilterWrapper.java:106)
	at com.alibaba.dubbo.rpc.protocol.ProtocolListenerWrapper.refer(ProtocolListenerWrapper.java:65)
	at com.alibaba.dubbo.qos.protocol.QosProtocolWrapper.refer(QosProtocolWrapper.java:63)
	at com.alibaba.dubbo.rpc.Protocol$Adaptive.refer(Protocol$Adaptive.java)
	at com.alibaba.dubbo.config.ReferenceConfig.createProxy(ReferenceConfig.java:394)
	at com.alibaba.dubbo.config.ReferenceConfig.init(ReferenceConfig.java:333)
	at com.alibaba.dubbo.config.ReferenceConfig.get(ReferenceConfig.java:163)
	at com.alibaba.dubbo.config.spring.ReferenceBean.getObject(ReferenceBean.java:66)
	at java.base/jdk.internal.reflect.NativeMethodAccessorImpl.invoke0(Native Method)
	at java.base/jdk.internal.reflect.NativeMethodAccessorImpl.invoke(NativeMethodAccessorImpl.java:62)
	at java.base/jdk.internal.reflect.DelegatingMethodAccessorImpl.invoke(DelegatingMethodAccessorImpl.java:43)
	at java.base/java.lang.reflect.Method.invoke(Method.java:566)
	at com.alibaba.dubbo.config.AbstractConfig.toString(AbstractConfig.java:474)
	at java.base/java.lang.String.valueOf(String.java:2951)
	at java.base/java.lang.StringBuilder.append(StringBuilder.java:168)
	at com.alibaba.dubbo.config.spring.beans.factory.annotation.AbstractAnnotationConfigBeanBuilder.build(AbstractAnnotationConfigBeanBuilder.java:79)
	at com.alibaba.dubbo.config.spring.beans.factory.annotation.ReferenceAnnotationBeanPostProcessor.buildReferenceBean(ReferenceAnnotationBeanPostProcessor.java:385)
	at com.alibaba.dubbo.config.spring.beans.factory.annotation.ReferenceAnnotationBeanPostProcessor.access$100(ReferenceAnnotationBeanPostProcessor.java:65)
	at com.alibaba.dubbo.config.spring.beans.factory.annotation.ReferenceAnnotationBeanPostProcessor$ReferenceFieldElement.inject(ReferenceAnnotationBeanPostProcessor.java:363)
	at org.springframework.beans.factory.annotation.InjectionMetadata.inject(InjectionMetadata.java:88)
	at com.alibaba.dubbo.config.spring.beans.factory.annotation.ReferenceAnnotationBeanPostProcessor.postProcessPropertyValues(ReferenceAnnotationBeanPostProcessor.java:92)
	at org.springframework.beans.factory.support.AbstractAutowireCapableBeanFactory.populateBean(AbstractAutowireCapableBeanFactory.java:1264)
	at org.springframework.beans.factory.support.AbstractAutowireCapableBeanFactory.doCreateBean(AbstractAutowireCapableBeanFactory.java:553)
	at org.springframework.beans.factory.support.AbstractAutowireCapableBeanFactory.createBean(AbstractAutowireCapableBeanFactory.java:483)
	at org.springframework.beans.factory.support.AbstractBeanFactory$1.getObject(AbstractBeanFactory.java:306)
	at org.springframework.beans.factory.support.DefaultSingletonBeanRegistry.getSingleton(DefaultSingletonBeanRegistry.java:230)
	at org.springframework.beans.factory.support.AbstractBeanFactory.doGetBean(AbstractBeanFactory.java:302)
	at org.springframework.beans.factory.support.AbstractBeanFactory.getBean(AbstractBeanFactory.java:197)
	at org.springframework.beans.factory.support.DefaultListableBeanFactory.preInstantiateSingletons(DefaultListableBeanFactory.java:761)
	at org.springframework.context.support.AbstractApplicationContext.finishBeanFactoryInitialization(AbstractApplicationContext.java:867)
	at org.springframework.context.support.AbstractApplicationContext.refresh(AbstractApplicationContext.java:543)
	at org.springframework.boot.context.embedded.EmbeddedWebApplicationContext.refresh(EmbeddedWebApplicationContext.java:122)
	at org.springframework.boot.SpringApplication.refresh(SpringApplication.java:693)
	at org.springframework.boot.SpringApplication.refreshContext(SpringApplication.java:360)
	at org.springframework.boot.SpringApplication.run(SpringApplication.java:303)
	at org.springframework.boot.SpringApplication.run(SpringApplication.java:1118)
	at org.springframework.boot.SpringApplication.run(SpringApplication.java:1107)
	at com.bz.push.WebApp.main(WebApp.java:12)
Caused by: java.lang.IllegalStateException: KeeperErrorCode = ConnectionLoss for /dubbo
	at com.alibaba.dubbo.remoting.zookeeper.curator.CuratorZookeeperClient.createPersistent(CuratorZookeeperClient.java:79)
	at com.alibaba.dubbo.remoting.zookeeper.support.AbstractZookeeperClient.create(AbstractZookeeperClient.java:65)
	at com.alibaba.dubbo.remoting.zookeeper.support.AbstractZookeeperClient.create(AbstractZookeeperClient.java:59)
	at com.alibaba.dubbo.remoting.zookeeper.support.AbstractZookeeperClient.create(AbstractZookeeperClient.java:59)
	at com.alibaba.dubbo.remoting.zookeeper.support.AbstractZookeeperClient.create(AbstractZookeeperClient.java:59)
	at com.alibaba.dubbo.registry.zookeeper.ZookeeperRegistry.doRegister(ZookeeperRegistry.java:114)
	... 41 common frames omitted
Caused by: org.apache.zookeeper.KeeperException$ConnectionLossException: KeeperErrorCode = ConnectionLoss for /dubbo
	at org.apache.zookeeper.KeeperException.create(KeeperException.java:102)
	at org.apache.zookeeper.KeeperException.create(KeeperException.java:54)
	at org.apache.zookeeper.ZooKeeper.create(ZooKeeper.java:786)
	at org.apache.curator.framework.imps.CreateBuilderImpl$17.call(CreateBuilderImpl.java:1177)
	at org.apache.curator.framework.imps.CreateBuilderImpl$17.call(CreateBuilderImpl.java:1158)
	at org.apache.curator.connection.StandardConnectionHandlingPolicy.callWithRetry(StandardConnectionHandlingPolicy.java:64)
	at org.apache.curator.RetryLoop.callWithRetry(RetryLoop.java:100)
	at org.apache.curator.framework.imps.CreateBuilderImpl.pathInForeground(CreateBuilderImpl.java:1155)
	at org.apache.curator.framework.imps.CreateBuilderImpl.protectedPathInForeground(CreateBuilderImpl.java:605)
	at org.apache.curator.framework.imps.CreateBuilderImpl.forPath(CreateBuilderImpl.java:595)
	at org.apache.curator.framework.imps.CreateBuilderImpl.forPath(CreateBuilderImpl.java:573)
	at org.apache.curator.framework.imps.CreateBuilderImpl.forPath(CreateBuilderImpl.java:49)
	at com.alibaba.dubbo.remoting.zookeeper.curator.CuratorZookeeperClient.createPersistent(CuratorZookeeperClient.java:76)
	... 46 common frames omitted
2020-08-18 15:37:02.174 [main] ERROR com.alibaba.dubbo.registry.zookeeper.ZookeeperRegistry -  [DUBBO] Failed to subscribe consumer://192.168.40.1/com.bz.push.service.app.AppNoticeService?application=bz-push-consumer-web&category=providers,configurators,routers&check=false&dubbo=2.6.2&interface=com.bz.push.service.app.AppNoticeService&methods=add&pid=4888&revision=1.0.1&side=consumer&timeout=10000&timestamp=1597736155428&version=1.0.1, waiting for retry, cause: Failed to subscribe consumer://192.168.40.1/com.bz.push.service.app.AppNoticeService?application=bz-push-consumer-web&category=providers,configurators,routers&check=false&dubbo=2.6.2&interface=com.bz.push.service.app.AppNoticeService&methods=add&pid=4888&revision=1.0.1&side=consumer&timeout=10000&timestamp=1597736155428&version=1.0.1 to zookeeper zookeeper://127.0.0.1:2181/com.alibaba.dubbo.registry.RegistryService?application=bz-push-consumer-web&dubbo=2.6.2&interface=com.alibaba.dubbo.registry.RegistryService&pid=4888&timestamp=1597736155495, cause: KeeperErrorCode = ConnectionLoss for /dubbo, dubbo version: 2.6.2, current host: 192.168.40.1
com.alibaba.dubbo.rpc.RpcException: Failed to subscribe consumer://192.168.40.1/com.bz.push.service.app.AppNoticeService?application=bz-push-consumer-web&category=providers,configurators,routers&check=false&dubbo=2.6.2&interface=com.bz.push.service.app.AppNoticeService&methods=add&pid=4888&revision=1.0.1&side=consumer&timeout=10000&timestamp=1597736155428&version=1.0.1 to zookeeper zookeeper://127.0.0.1:2181/com.alibaba.dubbo.registry.RegistryService?application=bz-push-consumer-web&dubbo=2.6.2&interface=com.alibaba.dubbo.registry.RegistryService&pid=4888&timestamp=1597736155495, cause: KeeperErrorCode = ConnectionLoss for /dubbo
	at com.alibaba.dubbo.registry.zookeeper.ZookeeperRegistry.doSubscribe(ZookeeperRegistry.java:193)
	at com.alibaba.dubbo.registry.support.FailbackRegistry.subscribe(FailbackRegistry.java:190)
	at com.alibaba.dubbo.registry.integration.RegistryDirectory.subscribe(RegistryDirectory.java:159)
	at com.alibaba.dubbo.registry.integration.RegistryProtocol.doRefer(RegistryProtocol.java:305)
	at com.alibaba.dubbo.registry.integration.RegistryProtocol.refer(RegistryProtocol.java:286)
	at com.alibaba.dubbo.rpc.protocol.ProtocolFilterWrapper.refer(ProtocolFilterWrapper.java:106)
	at com.alibaba.dubbo.rpc.protocol.ProtocolListenerWrapper.refer(ProtocolListenerWrapper.java:65)
	at com.alibaba.dubbo.qos.protocol.QosProtocolWrapper.refer(QosProtocolWrapper.java:63)
	at com.alibaba.dubbo.rpc.Protocol$Adaptive.refer(Protocol$Adaptive.java)
	at com.alibaba.dubbo.config.ReferenceConfig.createProxy(ReferenceConfig.java:394)
	at com.alibaba.dubbo.config.ReferenceConfig.init(ReferenceConfig.java:333)
	at com.alibaba.dubbo.config.ReferenceConfig.get(ReferenceConfig.java:163)
	at com.alibaba.dubbo.config.spring.ReferenceBean.getObject(ReferenceBean.java:66)
	at java.base/jdk.internal.reflect.NativeMethodAccessorImpl.invoke0(Native Method)
	at java.base/jdk.internal.reflect.NativeMethodAccessorImpl.invoke(NativeMethodAccessorImpl.java:62)
	at java.base/jdk.internal.reflect.DelegatingMethodAccessorImpl.invoke(DelegatingMethodAccessorImpl.java:43)
	at java.base/java.lang.reflect.Method.invoke(Method.java:566)
	at com.alibaba.dubbo.config.AbstractConfig.toString(AbstractConfig.java:474)
	at java.base/java.lang.String.valueOf(String.java:2951)
	at java.base/java.lang.StringBuilder.append(StringBuilder.java:168)
	at com.alibaba.dubbo.config.spring.beans.factory.annotation.AbstractAnnotationConfigBeanBuilder.build(AbstractAnnotationConfigBeanBuilder.java:79)
	at com.alibaba.dubbo.config.spring.beans.factory.annotation.ReferenceAnnotationBeanPostProcessor.buildReferenceBean(ReferenceAnnotationBeanPostProcessor.java:385)
	at com.alibaba.dubbo.config.spring.beans.factory.annotation.ReferenceAnnotationBeanPostProcessor.access$100(ReferenceAnnotationBeanPostProcessor.java:65)
	at com.alibaba.dubbo.config.spring.beans.factory.annotation.ReferenceAnnotationBeanPostProcessor$ReferenceFieldElement.inject(ReferenceAnnotationBeanPostProcessor.java:363)
	at org.springframework.beans.factory.annotation.InjectionMetadata.inject(InjectionMetadata.java:88)
	at com.alibaba.dubbo.config.spring.beans.factory.annotation.ReferenceAnnotationBeanPostProcessor.postProcessPropertyValues(ReferenceAnnotationBeanPostProcessor.java:92)
	at org.springframework.beans.factory.support.AbstractAutowireCapableBeanFactory.populateBean(AbstractAutowireCapableBeanFactory.java:1264)
	at org.springframework.beans.factory.support.AbstractAutowireCapableBeanFactory.doCreateBean(AbstractAutowireCapableBeanFactory.java:553)
	at org.springframework.beans.factory.support.AbstractAutowireCapableBeanFactory.createBean(AbstractAutowireCapableBeanFactory.java:483)
	at org.springframework.beans.factory.support.AbstractBeanFactory$1.getObject(AbstractBeanFactory.java:306)
	at org.springframework.beans.factory.support.DefaultSingletonBeanRegistry.getSingleton(DefaultSingletonBeanRegistry.java:230)
	at org.springframework.beans.factory.support.AbstractBeanFactory.doGetBean(AbstractBeanFactory.java:302)
	at org.springframework.beans.factory.support.AbstractBeanFactory.getBean(AbstractBeanFactory.java:197)
	at org.springframework.beans.factory.support.DefaultListableBeanFactory.preInstantiateSingletons(DefaultListableBeanFactory.java:761)
	at org.springframework.context.support.AbstractApplicationContext.finishBeanFactoryInitialization(AbstractApplicationContext.java:867)
	at org.springframework.context.support.AbstractApplicationContext.refresh(AbstractApplicationContext.java:543)
	at org.springframework.boot.context.embedded.EmbeddedWebApplicationContext.refresh(EmbeddedWebApplicationContext.java:122)
	at org.springframework.boot.SpringApplication.refresh(SpringApplication.java:693)
	at org.springframework.boot.SpringApplication.refreshContext(SpringApplication.java:360)
	at org.springframework.boot.SpringApplication.run(SpringApplication.java:303)
	at org.springframework.boot.SpringApplication.run(SpringApplication.java:1118)
	at org.springframework.boot.SpringApplication.run(SpringApplication.java:1107)
	at com.bz.push.WebApp.main(WebApp.java:12)
Caused by: java.lang.IllegalStateException: KeeperErrorCode = ConnectionLoss for /dubbo
	at com.alibaba.dubbo.remoting.zookeeper.curator.CuratorZookeeperClient.createPersistent(CuratorZookeeperClient.java:79)
	at com.alibaba.dubbo.remoting.zookeeper.support.AbstractZookeeperClient.create(AbstractZookeeperClient.java:65)
	at com.alibaba.dubbo.remoting.zookeeper.support.AbstractZookeeperClient.create(AbstractZookeeperClient.java:59)
	at com.alibaba.dubbo.remoting.zookeeper.support.AbstractZookeeperClient.create(AbstractZookeeperClient.java:59)
	at com.alibaba.dubbo.registry.zookeeper.ZookeeperRegistry.doSubscribe(ZookeeperRegistry.java:184)
	... 42 common frames omitted
Caused by: org.apache.zookeeper.KeeperException$ConnectionLossException: KeeperErrorCode = ConnectionLoss for /dubbo
	at org.apache.zookeeper.KeeperException.create(KeeperException.java:102)
	at org.apache.zookeeper.KeeperException.create(KeeperException.java:54)
	at org.apache.zookeeper.ZooKeeper.create(ZooKeeper.java:786)
	at org.apache.curator.framework.imps.CreateBuilderImpl$17.call(CreateBuilderImpl.java:1177)
	at org.apache.curator.framework.imps.CreateBuilderImpl$17.call(CreateBuilderImpl.java:1158)
	at org.apache.curator.connection.StandardConnectionHandlingPolicy.callWithRetry(StandardConnectionHandlingPolicy.java:64)
	at org.apache.curator.RetryLoop.callWithRetry(RetryLoop.java:100)
	at org.apache.curator.framework.imps.CreateBuilderImpl.pathInForeground(CreateBuilderImpl.java:1155)
	at org.apache.curator.framework.imps.CreateBuilderImpl.protectedPathInForeground(CreateBuilderImpl.java:605)
	at org.apache.curator.framework.imps.CreateBuilderImpl.forPath(CreateBuilderImpl.java:595)
	at org.apache.curator.framework.imps.CreateBuilderImpl.forPath(CreateBuilderImpl.java:573)
	at org.apache.curator.framework.imps.CreateBuilderImpl.forPath(CreateBuilderImpl.java:49)
	at com.alibaba.dubbo.remoting.zookeeper.curator.CuratorZookeeperClient.createPersistent(CuratorZookeeperClient.java:76)
	... 46 common frames omitted
2020-08-18 16:13:44.451 [http-nio-10200-exec-7] ERROR org.apache.catalina.core.ContainerBase.[Tomcat].[localhost].[/].[dispatcherServlet] - Servlet.service() for servlet [dispatcherServlet] in context with path [] threw exception [Request processing failed; nested exception is com.alibaba.dubbo.rpc.RpcException: No provider available from registry 106.53.85.158:2181 for service com.bz.push.service.app.AppNoticeService:1.0.1 on consumer 192.168.40.1 use dubbo version 2.6.2, please check status of providers(disabled, not registered or in blacklist).] with root cause
com.alibaba.dubbo.rpc.RpcException: No provider available from registry 106.53.85.158:2181 for service com.bz.push.service.app.AppNoticeService:1.0.1 on consumer 192.168.40.1 use dubbo version 2.6.2, please check status of providers(disabled, not registered or in blacklist).
	at com.alibaba.dubbo.registry.integration.RegistryDirectory.doList(RegistryDirectory.java:575)
	at com.alibaba.dubbo.rpc.cluster.directory.AbstractDirectory.list(AbstractDirectory.java:74)
	at com.alibaba.dubbo.rpc.cluster.support.AbstractClusterInvoker.list(AbstractClusterInvoker.java:271)
	at com.alibaba.dubbo.rpc.cluster.support.AbstractClusterInvoker.invoke(AbstractClusterInvoker.java:232)
	at com.alibaba.dubbo.rpc.cluster.support.wrapper.MockClusterInvoker.invoke(MockClusterInvoker.java:75)
	at com.alibaba.dubbo.rpc.proxy.InvokerInvocationHandler.invoke(InvokerInvocationHandler.java:52)
	at com.alibaba.dubbo.common.bytecode.proxy0.add(proxy0.java)
	at com.bz.push.controller.app.AppNoticeController.add(AppNoticeController.java:36)
	at java.base/jdk.internal.reflect.NativeMethodAccessorImpl.invoke0(Native Method)
	at java.base/jdk.internal.reflect.NativeMethodAccessorImpl.invoke(NativeMethodAccessorImpl.java:62)
	at java.base/jdk.internal.reflect.DelegatingMethodAccessorImpl.invoke(DelegatingMethodAccessorImpl.java:43)
	at java.base/java.lang.reflect.Method.invoke(Method.java:566)
	at org.springframework.web.method.support.InvocableHandlerMethod.doInvoke(InvocableHandlerMethod.java:205)
	at org.springframework.web.method.support.InvocableHandlerMethod.invokeForRequest(InvocableHandlerMethod.java:133)
	at org.springframework.web.servlet.mvc.method.annotation.ServletInvocableHandlerMethod.invokeAndHandle(ServletInvocableHandlerMethod.java:97)
	at org.springframework.web.servlet.mvc.method.annotation.RequestMappingHandlerAdapter.invokeHandlerMethod(RequestMappingHandlerAdapter.java:827)
	at org.springframework.web.servlet.mvc.method.annotation.RequestMappingHandlerAdapter.handleInternal(RequestMappingHandlerAdapter.java:738)
	at org.springframework.web.servlet.mvc.method.AbstractHandlerMethodAdapter.handle(AbstractHandlerMethodAdapter.java:85)
	at org.springframework.web.servlet.DispatcherServlet.doDispatch(DispatcherServlet.java:967)
	at org.springframework.web.servlet.DispatcherServlet.doService(DispatcherServlet.java:901)
	at org.springframework.web.servlet.FrameworkServlet.processRequest(FrameworkServlet.java:970)
	at org.springframework.web.servlet.FrameworkServlet.doGet(FrameworkServlet.java:861)
	at javax.servlet.http.HttpServlet.service(HttpServlet.java:635)
	at org.springframework.web.servlet.FrameworkServlet.service(FrameworkServlet.java:846)
	at javax.servlet.http.HttpServlet.service(HttpServlet.java:742)
	at org.apache.catalina.core.ApplicationFilterChain.internalDoFilter(ApplicationFilterChain.java:231)
	at org.apache.catalina.core.ApplicationFilterChain.doFilter(ApplicationFilterChain.java:166)
	at org.apache.tomcat.websocket.server.WsFilter.doFilter(WsFilter.java:52)
	at org.apache.catalina.core.ApplicationFilterChain.internalDoFilter(ApplicationFilterChain.java:193)
	at org.apache.catalina.core.ApplicationFilterChain.doFilter(ApplicationFilterChain.java:166)
	at org.springframework.web.filter.RequestContextFilter.doFilterInternal(RequestContextFilter.java:99)
	at org.springframework.web.filter.OncePerRequestFilter.doFilter(OncePerRequestFilter.java:107)
	at org.apache.catalina.core.ApplicationFilterChain.internalDoFilter(ApplicationFilterChain.java:193)
	at org.apache.catalina.core.ApplicationFilterChain.doFilter(ApplicationFilterChain.java:166)
	at org.springframework.web.filter.HttpPutFormContentFilter.doFilterInternal(HttpPutFormContentFilter.java:108)
	at org.springframework.web.filter.OncePerRequestFilter.doFilter(OncePerRequestFilter.java:107)
	at org.apache.catalina.core.ApplicationFilterChain.internalDoFilter(ApplicationFilterChain.java:193)
	at org.apache.catalina.core.ApplicationFilterChain.doFilter(ApplicationFilterChain.java:166)
	at org.springframework.web.filter.HiddenHttpMethodFilter.doFilterInternal(HiddenHttpMethodFilter.java:81)
	at org.springframework.web.filter.OncePerRequestFilter.doFilter(OncePerRequestFilter.java:107)
	at org.apache.catalina.core.ApplicationFilterChain.internalDoFilter(ApplicationFilterChain.java:193)
	at org.apache.catalina.core.ApplicationFilterChain.doFilter(ApplicationFilterChain.java:166)
	at org.springframework.web.filter.CharacterEncodingFilter.doFilterInternal(CharacterEncodingFilter.java:197)
	at org.springframework.web.filter.OncePerRequestFilter.doFilter(OncePerRequestFilter.java:107)
	at org.apache.catalina.core.ApplicationFilterChain.internalDoFilter(ApplicationFilterChain.java:193)
	at org.apache.catalina.core.ApplicationFilterChain.doFilter(ApplicationFilterChain.java:166)
	at org.apache.catalina.core.StandardWrapperValve.invoke(StandardWrapperValve.java:199)
	at org.apache.catalina.core.StandardContextValve.invoke(StandardContextValve.java:96)
	at org.apache.catalina.authenticator.AuthenticatorBase.invoke(AuthenticatorBase.java:478)
	at org.apache.catalina.core.StandardHostValve.invoke(StandardHostValve.java:140)
	at org.apache.catalina.valves.ErrorReportValve.invoke(ErrorReportValve.java:81)
	at org.apache.catalina.core.StandardEngineValve.invoke(StandardEngineValve.java:87)
	at org.apache.catalina.connector.CoyoteAdapter.service(CoyoteAdapter.java:342)
	at org.apache.coyote.http11.Http11Processor.service(Http11Processor.java:803)
	at org.apache.coyote.AbstractProcessorLight.process(AbstractProcessorLight.java:66)
	at org.apache.coyote.AbstractProtocol$ConnectionHandler.process(AbstractProtocol.java:868)
	at org.apache.tomcat.util.net.NioEndpoint$SocketProcessor.doRun(NioEndpoint.java:1459)
	at org.apache.tomcat.util.net.SocketProcessorBase.run(SocketProcessorBase.java:49)
	at java.base/java.util.concurrent.ThreadPoolExecutor.runWorker(ThreadPoolExecutor.java:1128)
	at java.base/java.util.concurrent.ThreadPoolExecutor$Worker.run(ThreadPoolExecutor.java:628)
	at org.apache.tomcat.util.threads.TaskThread$WrappingRunnable.run(TaskThread.java:61)
	at java.base/java.lang.Thread.run(Thread.java:834)
2020-08-18 17:22:00.906 [main] ERROR com.alibaba.dubbo.qos.server.Server -  [DUBBO] qos-server can not bind localhost:22222, dubbo version: 2.6.2, current host: 192.168.40.1
java.net.BindException: Address already in use: bind
	at java.base/sun.nio.ch.Net.bind0(Native Method)
	at java.base/sun.nio.ch.Net.bind(Net.java:455)
	at java.base/sun.nio.ch.Net.bind(Net.java:447)
	at java.base/sun.nio.ch.ServerSocketChannelImpl.bind(ServerSocketChannelImpl.java:227)
	at io.netty.channel.socket.nio.NioServerSocketChannel.doBind(NioServerSocketChannel.java:127)
	at io.netty.channel.AbstractChannel$AbstractUnsafe.bind(AbstractChannel.java:554)
	at io.netty.channel.DefaultChannelPipeline$HeadContext.bind(DefaultChannelPipeline.java:1258)
	at io.netty.channel.AbstractChannelHandlerContext.invokeBind(AbstractChannelHandlerContext.java:512)
	at io.netty.channel.AbstractChannelHandlerContext.bind(AbstractChannelHandlerContext.java:497)
	at io.netty.channel.DefaultChannelPipeline.bind(DefaultChannelPipeline.java:980)
	at io.netty.channel.AbstractChannel.bind(AbstractChannel.java:250)
	at io.netty.bootstrap.AbstractBootstrap$2.run(AbstractBootstrap.java:363)
	at io.netty.util.concurrent.AbstractEventExecutor.safeExecute(AbstractEventExecutor.java:163)
	at io.netty.util.concurrent.SingleThreadEventExecutor.runAllTasks(SingleThreadEventExecutor.java:418)
	at io.netty.channel.nio.NioEventLoop.run(NioEventLoop.java:454)
	at io.netty.util.concurrent.SingleThreadEventExecutor$5.run(SingleThreadEventExecutor.java:873)
	at io.netty.util.concurrent.DefaultThreadFactory$DefaultRunnableDecorator.run(DefaultThreadFactory.java:144)
	at java.base/java.lang.Thread.run(Thread.java:834)
