2020-08-19 09:09:59.077 [main] ERROR com.alibaba.dubbo.qos.server.Server -  [DUBBO] qos-server can not bind localhost:22222, dubbo version: 2.6.2, current host: 192.168.40.1
java.net.BindException: Address already in use: bind
	at java.base/sun.nio.ch.Net.bind0(Native Method)
	at java.base/sun.nio.ch.Net.bind(Net.java:455)
	at java.base/sun.nio.ch.Net.bind(Net.java:447)
	at java.base/sun.nio.ch.ServerSocketChannelImpl.bind(ServerSocketChannelImpl.java:227)
	at io.netty.channel.socket.nio.NioServerSocketChannel.doBind(NioServerSocketChannel.java:127)
	at io.netty.channel.AbstractChannel$AbstractUnsafe.bind(AbstractChannel.java:554)
	at io.netty.channel.DefaultChannelPipeline$HeadContext.bind(DefaultChannelPipeline.java:1258)
	at io.netty.channel.AbstractChannelHandlerContext.invokeBind(AbstractChannelHandlerContext.java:512)
	at io.netty.channel.AbstractChannelHandlerContext.bind(AbstractChannelHandlerContext.java:497)
	at io.netty.channel.DefaultChannelPipeline.bind(DefaultChannelPipeline.java:980)
	at io.netty.channel.AbstractChannel.bind(AbstractChannel.java:250)
	at io.netty.bootstrap.AbstractBootstrap$2.run(AbstractBootstrap.java:363)
	at io.netty.util.concurrent.AbstractEventExecutor.safeExecute(AbstractEventExecutor.java:163)
	at io.netty.util.concurrent.SingleThreadEventExecutor.runAllTasks(SingleThreadEventExecutor.java:418)
	at io.netty.channel.nio.NioEventLoop.run(NioEventLoop.java:454)
	at io.netty.util.concurrent.SingleThreadEventExecutor$5.run(SingleThreadEventExecutor.java:873)
	at io.netty.util.concurrent.DefaultThreadFactory$DefaultRunnableDecorator.run(DefaultThreadFactory.java:144)
	at java.base/java.lang.Thread.run(Thread.java:834)
2020-08-19 09:52:45.056 [main] ERROR com.alibaba.dubbo.qos.server.Server -  [DUBBO] qos-server can not bind localhost:22222, dubbo version: 2.6.2, current host: 192.168.40.1
java.net.BindException: Address already in use: bind
	at java.base/sun.nio.ch.Net.bind0(Native Method)
	at java.base/sun.nio.ch.Net.bind(Net.java:455)
	at java.base/sun.nio.ch.Net.bind(Net.java:447)
	at java.base/sun.nio.ch.ServerSocketChannelImpl.bind(ServerSocketChannelImpl.java:227)
	at io.netty.channel.socket.nio.NioServerSocketChannel.doBind(NioServerSocketChannel.java:127)
	at io.netty.channel.AbstractChannel$AbstractUnsafe.bind(AbstractChannel.java:554)
	at io.netty.channel.DefaultChannelPipeline$HeadContext.bind(DefaultChannelPipeline.java:1258)
	at io.netty.channel.AbstractChannelHandlerContext.invokeBind(AbstractChannelHandlerContext.java:512)
	at io.netty.channel.AbstractChannelHandlerContext.bind(AbstractChannelHandlerContext.java:497)
	at io.netty.channel.DefaultChannelPipeline.bind(DefaultChannelPipeline.java:980)
	at io.netty.channel.AbstractChannel.bind(AbstractChannel.java:250)
	at io.netty.bootstrap.AbstractBootstrap$2.run(AbstractBootstrap.java:363)
	at io.netty.util.concurrent.AbstractEventExecutor.safeExecute(AbstractEventExecutor.java:163)
	at io.netty.util.concurrent.SingleThreadEventExecutor.runAllTasks(SingleThreadEventExecutor.java:418)
	at io.netty.channel.nio.NioEventLoop.run(NioEventLoop.java:454)
	at io.netty.util.concurrent.SingleThreadEventExecutor$5.run(SingleThreadEventExecutor.java:873)
	at io.netty.util.concurrent.DefaultThreadFactory$DefaultRunnableDecorator.run(DefaultThreadFactory.java:144)
	at java.base/java.lang.Thread.run(Thread.java:834)
2020-08-19 10:45:07.554 [main] ERROR com.alibaba.dubbo.qos.server.Server -  [DUBBO] qos-server can not bind localhost:22222, dubbo version: 2.6.2, current host: 192.168.40.1
java.net.BindException: Address already in use: bind
	at java.base/sun.nio.ch.Net.bind0(Native Method)
	at java.base/sun.nio.ch.Net.bind(Net.java:455)
	at java.base/sun.nio.ch.Net.bind(Net.java:447)
	at java.base/sun.nio.ch.ServerSocketChannelImpl.bind(ServerSocketChannelImpl.java:227)
	at io.netty.channel.socket.nio.NioServerSocketChannel.doBind(NioServerSocketChannel.java:127)
	at io.netty.channel.AbstractChannel$AbstractUnsafe.bind(AbstractChannel.java:554)
	at io.netty.channel.DefaultChannelPipeline$HeadContext.bind(DefaultChannelPipeline.java:1258)
	at io.netty.channel.AbstractChannelHandlerContext.invokeBind(AbstractChannelHandlerContext.java:512)
	at io.netty.channel.AbstractChannelHandlerContext.bind(AbstractChannelHandlerContext.java:497)
	at io.netty.channel.DefaultChannelPipeline.bind(DefaultChannelPipeline.java:980)
	at io.netty.channel.AbstractChannel.bind(AbstractChannel.java:250)
	at io.netty.bootstrap.AbstractBootstrap$2.run(AbstractBootstrap.java:363)
	at io.netty.util.concurrent.AbstractEventExecutor.safeExecute(AbstractEventExecutor.java:163)
	at io.netty.util.concurrent.SingleThreadEventExecutor.runAllTasks(SingleThreadEventExecutor.java:418)
	at io.netty.channel.nio.NioEventLoop.run(NioEventLoop.java:454)
	at io.netty.util.concurrent.SingleThreadEventExecutor$5.run(SingleThreadEventExecutor.java:873)
	at io.netty.util.concurrent.DefaultThreadFactory$DefaultRunnableDecorator.run(DefaultThreadFactory.java:144)
	at java.base/java.lang.Thread.run(Thread.java:834)
2020-08-19 13:49:56.398 [main] ERROR com.alibaba.dubbo.qos.server.Server -  [DUBBO] qos-server can not bind localhost:22222, dubbo version: 2.6.2, current host: 192.168.40.1
java.net.BindException: Address already in use: bind
	at java.base/sun.nio.ch.Net.bind0(Native Method)
	at java.base/sun.nio.ch.Net.bind(Net.java:455)
	at java.base/sun.nio.ch.Net.bind(Net.java:447)
	at java.base/sun.nio.ch.ServerSocketChannelImpl.bind(ServerSocketChannelImpl.java:227)
	at io.netty.channel.socket.nio.NioServerSocketChannel.doBind(NioServerSocketChannel.java:127)
	at io.netty.channel.AbstractChannel$AbstractUnsafe.bind(AbstractChannel.java:554)
	at io.netty.channel.DefaultChannelPipeline$HeadContext.bind(DefaultChannelPipeline.java:1258)
	at io.netty.channel.AbstractChannelHandlerContext.invokeBind(AbstractChannelHandlerContext.java:512)
	at io.netty.channel.AbstractChannelHandlerContext.bind(AbstractChannelHandlerContext.java:497)
	at io.netty.channel.DefaultChannelPipeline.bind(DefaultChannelPipeline.java:980)
	at io.netty.channel.AbstractChannel.bind(AbstractChannel.java:250)
	at io.netty.bootstrap.AbstractBootstrap$2.run(AbstractBootstrap.java:363)
	at io.netty.util.concurrent.AbstractEventExecutor.safeExecute(AbstractEventExecutor.java:163)
	at io.netty.util.concurrent.SingleThreadEventExecutor.runAllTasks(SingleThreadEventExecutor.java:418)
	at io.netty.channel.nio.NioEventLoop.run(NioEventLoop.java:454)
	at io.netty.util.concurrent.SingleThreadEventExecutor$5.run(SingleThreadEventExecutor.java:873)
	at io.netty.util.concurrent.DefaultThreadFactory$DefaultRunnableDecorator.run(DefaultThreadFactory.java:144)
	at java.base/java.lang.Thread.run(Thread.java:834)
2020-08-19 17:25:10.715 [main] ERROR com.alibaba.dubbo.qos.server.Server -  [DUBBO] qos-server can not bind localhost:22222, dubbo version: 2.6.2, current host: 192.168.40.1
java.net.BindException: Address already in use: bind
	at java.base/sun.nio.ch.Net.bind0(Native Method)
	at java.base/sun.nio.ch.Net.bind(Net.java:455)
	at java.base/sun.nio.ch.Net.bind(Net.java:447)
	at java.base/sun.nio.ch.ServerSocketChannelImpl.bind(ServerSocketChannelImpl.java:227)
	at io.netty.channel.socket.nio.NioServerSocketChannel.doBind(NioServerSocketChannel.java:127)
	at io.netty.channel.AbstractChannel$AbstractUnsafe.bind(AbstractChannel.java:554)
	at io.netty.channel.DefaultChannelPipeline$HeadContext.bind(DefaultChannelPipeline.java:1258)
	at io.netty.channel.AbstractChannelHandlerContext.invokeBind(AbstractChannelHandlerContext.java:512)
	at io.netty.channel.AbstractChannelHandlerContext.bind(AbstractChannelHandlerContext.java:497)
	at io.netty.channel.DefaultChannelPipeline.bind(DefaultChannelPipeline.java:980)
	at io.netty.channel.AbstractChannel.bind(AbstractChannel.java:250)
	at io.netty.bootstrap.AbstractBootstrap$2.run(AbstractBootstrap.java:363)
	at io.netty.util.concurrent.AbstractEventExecutor.safeExecute(AbstractEventExecutor.java:163)
	at io.netty.util.concurrent.SingleThreadEventExecutor.runAllTasks(SingleThreadEventExecutor.java:418)
	at io.netty.channel.nio.NioEventLoop.run(NioEventLoop.java:454)
	at io.netty.util.concurrent.SingleThreadEventExecutor$5.run(SingleThreadEventExecutor.java:873)
	at io.netty.util.concurrent.DefaultThreadFactory$DefaultRunnableDecorator.run(DefaultThreadFactory.java:144)
	at java.base/java.lang.Thread.run(Thread.java:834)
2020-08-19 21:02:13.821 [DubboClientReconnectTimer-thread-2] ERROR com.alibaba.dubbo.remoting.transport.AbstractClient -  [DUBBO] client reconnect to 26.26.26.1:31001 find error . url: dubbo://26.26.26.1:31001/com.bz.push.service.app.AppNoticeService?anyhost=true&application=bz-push-consumer-web&check=false&codec=dubbo&dubbo=2.6.2&generic=false&heartbeat=60000&interface=com.bz.push.service.app.AppNoticeService&methods=add&pid=24912&register.ip=192.168.40.1&remote.timestamp=1597841228782&revision=1.0.1&side=consumer&timeout=10000&timestamp=1597829108140&version=1.0.1, dubbo version: 2.6.2, current host: 192.168.40.1
com.alibaba.dubbo.remoting.RemotingException: client(url: dubbo://26.26.26.1:31001/com.bz.push.service.app.AppNoticeService?anyhost=true&application=bz-push-consumer-web&check=false&codec=dubbo&dubbo=2.6.2&generic=false&heartbeat=60000&interface=com.bz.push.service.app.AppNoticeService&methods=add&pid=24912&register.ip=192.168.40.1&remote.timestamp=1597841228782&revision=1.0.1&side=consumer&timeout=10000&timestamp=1597829108140&version=1.0.1) failed to connect to server /26.26.26.1:31001 client-side timeout 3000ms (elapsed: 3002ms) from netty client 192.168.40.1 using dubbo version 2.6.2
	at com.alibaba.dubbo.remoting.transport.netty.NettyClient.doConnect(NettyClient.java:127)
	at com.alibaba.dubbo.remoting.transport.AbstractClient.connect(AbstractClient.java:275)
	at com.alibaba.dubbo.remoting.transport.AbstractClient$1.run(AbstractClient.java:156)
	at java.base/java.util.concurrent.Executors$RunnableAdapter.call(Executors.java:515)
	at java.base/java.util.concurrent.FutureTask.runAndReset(FutureTask.java:305)
	at java.base/java.util.concurrent.ScheduledThreadPoolExecutor$ScheduledFutureTask.run(ScheduledThreadPoolExecutor.java:305)
	at java.base/java.util.concurrent.ThreadPoolExecutor.runWorker(ThreadPoolExecutor.java:1128)
	at java.base/java.util.concurrent.ThreadPoolExecutor$Worker.run(ThreadPoolExecutor.java:628)
	at java.base/java.lang.Thread.run(Thread.java:834)
2020-08-19 21:36:54.932 [DubboClientReconnectTimer-thread-2] ERROR com.alibaba.dubbo.remoting.transport.AbstractClient -  [DUBBO] client reconnect to 26.26.26.1:31001 find error . url: dubbo://26.26.26.1:31001/com.bz.push.service.app.AppNoticeService?anyhost=true&application=bz-push-consumer-web&check=false&codec=dubbo&dubbo=2.6.2&generic=false&heartbeat=60000&interface=com.bz.push.service.app.AppNoticeService&methods=add&pid=24912&register.ip=192.168.40.1&remote.timestamp=1597843309930&revision=1.0.1&side=consumer&timeout=10000&timestamp=1597829108140&version=1.0.1, dubbo version: 2.6.2, current host: 192.168.40.1
com.alibaba.dubbo.remoting.RemotingException: client(url: dubbo://26.26.26.1:31001/com.bz.push.service.app.AppNoticeService?anyhost=true&application=bz-push-consumer-web&check=false&codec=dubbo&dubbo=2.6.2&generic=false&heartbeat=60000&interface=com.bz.push.service.app.AppNoticeService&methods=add&pid=24912&register.ip=192.168.40.1&remote.timestamp=1597843309930&revision=1.0.1&side=consumer&timeout=10000&timestamp=1597829108140&version=1.0.1) failed to connect to server /26.26.26.1:31001 client-side timeout 3000ms (elapsed: 3003ms) from netty client 192.168.40.1 using dubbo version 2.6.2
	at com.alibaba.dubbo.remoting.transport.netty.NettyClient.doConnect(NettyClient.java:127)
	at com.alibaba.dubbo.remoting.transport.AbstractClient.connect(AbstractClient.java:275)
	at com.alibaba.dubbo.remoting.transport.AbstractClient$1.run(AbstractClient.java:156)
	at java.base/java.util.concurrent.Executors$RunnableAdapter.call(Executors.java:515)
	at java.base/java.util.concurrent.FutureTask.runAndReset(FutureTask.java:305)
	at java.base/java.util.concurrent.ScheduledThreadPoolExecutor$ScheduledFutureTask.run(ScheduledThreadPoolExecutor.java:305)
	at java.base/java.util.concurrent.ThreadPoolExecutor.runWorker(ThreadPoolExecutor.java:1128)
	at java.base/java.util.concurrent.ThreadPoolExecutor$Worker.run(ThreadPoolExecutor.java:628)
	at java.base/java.lang.Thread.run(Thread.java:834)
